{"C:\\Users\\Bidetti\\Documents\\Workspace\\smarthire-back\\src\\app.ts": {"path":"C:\\Users\\Bidetti\\Documents\\Workspace\\smarthire-back\\src\\app.ts","statementMap":{"0":{"start":{"line":1,"column":0},"end":{"line":1,"column":30}},"1":{"start":{"line":2,"column":0},"end":{"line":2,"column":24}},"2":{"start":{"line":3,"column":0},"end":{"line":3,"column":28}},"3":{"start":{"line":4,"column":0},"end":{"line":4,"column":28}},"4":{"start":{"line":5,"column":0},"end":{"line":5,"column":37}},"5":{"start":{"line":6,"column":0},"end":{"line":6,"column":37}},"6":{"start":{"line":8,"column":12},"end":{"line":8,"column":21}},"7":{"start":{"line":10,"column":0},"end":{"line":10,"column":16}},"8":{"start":{"line":11,"column":0},"end":{"line":11,"column":18}},"9":{"start":{"line":12,"column":0},"end":{"line":12,"column":23}},"10":{"start":{"line":13,"column":0},"end":{"line":13,"column":27}},"11":{"start":{"line":15,"column":0},"end":{"line":15,"column":24}},"12":{"start":{"line":17,"column":0},"end":{"line":17,"column":19}}},"fnMap":{},"branchMap":{},"s":{"0":2,"1":2,"2":2,"3":2,"4":2,"5":2,"6":2,"7":2,"8":2,"9":2,"10":2,"11":2,"12":2},"f":{},"b":{}}
,"C:\\Users\\Bidetti\\Documents\\Workspace\\smarthire-back\\src\\config\\logger.ts": {"path":"C:\\Users\\Bidetti\\Documents\\Workspace\\smarthire-back\\src\\config\\logger.ts","statementMap":{"0":{"start":{"line":1,"column":0},"end":{"line":1,"column":30}},"1":{"start":{"line":2,"column":0},"end":{"line":2,"column":28}},"2":{"start":{"line":4,"column":15},"end":{"line":11,"column":2}},"3":{"start":{"line":13,"column":0},"end":{"line":17,"column":null}},"4":{"start":{"line":14,"column":4},"end":{"line":16,"column":8}},"5":{"start":{"line":19,"column":0},"end":{"line":19,"column":22}}},"fnMap":{},"branchMap":{"0":{"loc":{"start":{"line":13,"column":0},"end":{"line":17,"column":null}},"type":"if","locations":[{"start":{"line":13,"column":0},"end":{"line":17,"column":null}}]}},"s":{"0":2,"1":2,"2":2,"3":2,"4":2,"5":2},"f":{},"b":{"0":[2]}}
,"C:\\Users\\Bidetti\\Documents\\Workspace\\smarthire-back\\src\\controllers\\authController.ts": {"path":"C:\\Users\\Bidetti\\Documents\\Workspace\\smarthire-back\\src\\controllers\\authController.ts","statementMap":{"0":{"start":{"line":2,"column":0},"end":{"line":2,"column":44}},"1":{"start":{"line":3,"column":0},"end":{"line":3,"column":28}},"2":{"start":{"line":4,"column":0},"end":{"line":4,"column":31}},"3":{"start":{"line":5,"column":0},"end":{"line":5,"column":54}},"4":{"start":{"line":6,"column":0},"end":{"line":6,"column":44}},"5":{"start":{"line":8,"column":31},"end":{"line":25,"column":1}},"6":{"start":{"line":9,"column":4},"end":{"line":24,"column":null}},"7":{"start":{"line":10,"column":33},"end":{"line":10,"column":41}},"8":{"start":{"line":11,"column":21},"end":{"line":11,"column":62}},"9":{"start":{"line":12,"column":8},"end":{"line":14,"column":null}},"10":{"start":{"line":13,"column":12},"end":{"line":13,"column":77}},"11":{"start":{"line":15,"column":28},"end":{"line":15,"column":68}},"12":{"start":{"line":16,"column":8},"end":{"line":18,"column":null}},"13":{"start":{"line":17,"column":12},"end":{"line":17,"column":69}},"14":{"start":{"line":20,"column":22},"end":{"line":20,"column":107}},"15":{"start":{"line":21,"column":8},"end":{"line":21,"column":47}},"16":{"start":{"line":23,"column":8},"end":{"line":23,"column":77}},"17":{"start":{"line":8,"column":13},"end":{"line":8,"column":31}},"18":{"start":{"line":27,"column":27},"end":{"line":53,"column":1}},"19":{"start":{"line":28,"column":4},"end":{"line":52,"column":null}},"20":{"start":{"line":29,"column":26},"end":{"line":29,"column":34}},"21":{"start":{"line":30,"column":21},"end":{"line":30,"column":76}},"22":{"start":{"line":31,"column":8},"end":{"line":33,"column":null}},"23":{"start":{"line":32,"column":12},"end":{"line":32,"column":77}},"24":{"start":{"line":34,"column":21},"end":{"line":34,"column":64}},"25":{"start":{"line":35,"column":25},"end":{"line":35,"column":63}},"26":{"start":{"line":36,"column":24},"end":{"line":36,"column":82}},"27":{"start":{"line":37,"column":8},"end":{"line":37,"column":29}},"28":{"start":{"line":38,"column":8},"end":{"line":48,"column":11}},"29":{"start":{"line":47,"column":12},"end":{"line":47,"column":77}},"30":{"start":{"line":49,"column":8},"end":{"line":49,"column":58}},"31":{"start":{"line":51,"column":8},"end":{"line":51,"column":88}},"32":{"start":{"line":27,"column":13},"end":{"line":27,"column":27}},"33":{"start":{"line":55,"column":26},"end":{"line":71,"column":1}},"34":{"start":{"line":56,"column":4},"end":{"line":70,"column":null}},"35":{"start":{"line":57,"column":21},"end":{"line":57,"column":79}},"36":{"start":{"line":58,"column":8},"end":{"line":60,"column":null}},"37":{"start":{"line":59,"column":12},"end":{"line":59,"column":76}},"38":{"start":{"line":61,"column":26},"end":{"line":61,"column":94}},"39":{"start":{"line":62,"column":8},"end":{"line":64,"column":null}},"40":{"start":{"line":63,"column":12},"end":{"line":63,"column":70}},"41":{"start":{"line":65,"column":28},"end":{"line":65,"column":120}},"42":{"start":{"line":66,"column":8},"end":{"line":66,"column":73}},"43":{"start":{"line":67,"column":8},"end":{"line":67,"column":53}},"44":{"start":{"line":69,"column":8},"end":{"line":69,"column":77}},"45":{"start":{"line":55,"column":13},"end":{"line":55,"column":26}},"46":{"start":{"line":73,"column":29},"end":{"line":90,"column":1}},"47":{"start":{"line":74,"column":4},"end":{"line":89,"column":null}},"48":{"start":{"line":75,"column":47},"end":{"line":75,"column":55}},"49":{"start":{"line":76,"column":21},"end":{"line":76,"column":53}},"50":{"start":{"line":77,"column":8},"end":{"line":79,"column":null}},"51":{"start":{"line":78,"column":12},"end":{"line":78,"column":77}},"52":{"start":{"line":80,"column":27},"end":{"line":80,"column":84}},"53":{"start":{"line":81,"column":8},"end":{"line":83,"column":null}},"54":{"start":{"line":82,"column":12},"end":{"line":82,"column":69}},"55":{"start":{"line":84,"column":26},"end":{"line":84,"column":52}},"56":{"start":{"line":85,"column":8},"end":{"line":85,"column":72}},"57":{"start":{"line":86,"column":8},"end":{"line":86,"column":79}},"58":{"start":{"line":88,"column":8},"end":{"line":88,"column":75}},"59":{"start":{"line":73,"column":13},"end":{"line":73,"column":29}},"60":{"start":{"line":92,"column":25},"end":{"line":108,"column":1}},"61":{"start":{"line":93,"column":4},"end":{"line":107,"column":null}},"62":{"start":{"line":94,"column":22},"end":{"line":94,"column":47}},"63":{"start":{"line":95,"column":8},"end":{"line":97,"column":null}},"64":{"start":{"line":96,"column":12},"end":{"line":96,"column":75}},"65":{"start":{"line":98,"column":29},"end":{"line":98,"column":51}},"66":{"start":{"line":99,"column":8},"end":{"line":104,"column":11}},"67":{"start":{"line":100,"column":12},"end":{"line":102,"column":null}},"68":{"start":{"line":101,"column":16},"end":{"line":101,"column":74}},"69":{"start":{"line":103,"column":12},"end":{"line":103,"column":48}},"70":{"start":{"line":106,"column":8},"end":{"line":106,"column":76}},"71":{"start":{"line":92,"column":13},"end":{"line":92,"column":25}}},"fnMap":{"0":{"name":"(anonymous_1)","decl":{"start":{"line":8,"column":31},"end":{"line":8,"column":36}},"loc":{"start":{"line":8,"column":69},"end":{"line":25,"column":1}}},"1":{"name":"(anonymous_2)","decl":{"start":{"line":27,"column":27},"end":{"line":27,"column":32}},"loc":{"start":{"line":27,"column":65},"end":{"line":53,"column":1}}},"2":{"name":"(anonymous_3)","decl":{"start":{"line":46,"column":17},"end":{"line":46,"column":18}},"loc":{"start":{"line":46,"column":25},"end":{"line":48,"column":9}}},"3":{"name":"(anonymous_4)","decl":{"start":{"line":55,"column":26},"end":{"line":55,"column":31}},"loc":{"start":{"line":55,"column":64},"end":{"line":71,"column":1}}},"4":{"name":"(anonymous_5)","decl":{"start":{"line":73,"column":29},"end":{"line":73,"column":34}},"loc":{"start":{"line":73,"column":67},"end":{"line":90,"column":1}}},"5":{"name":"(anonymous_6)","decl":{"start":{"line":92,"column":25},"end":{"line":92,"column":30}},"loc":{"start":{"line":92,"column":62},"end":{"line":108,"column":1}}},"6":{"name":"(anonymous_7)","decl":{"start":{"line":99,"column":63},"end":{"line":99,"column":64}},"loc":{"start":{"line":99,"column":90},"end":{"line":104,"column":9}}}},"branchMap":{"0":{"loc":{"start":{"line":12,"column":8},"end":{"line":14,"column":null}},"type":"if","locations":[{"start":{"line":12,"column":8},"end":{"line":14,"column":null}}]},"1":{"loc":{"start":{"line":16,"column":8},"end":{"line":18,"column":null}},"type":"if","locations":[{"start":{"line":16,"column":8},"end":{"line":18,"column":null}}]},"2":{"loc":{"start":{"line":31,"column":8},"end":{"line":33,"column":null}},"type":"if","locations":[{"start":{"line":31,"column":8},"end":{"line":33,"column":null}}]},"3":{"loc":{"start":{"line":58,"column":8},"end":{"line":60,"column":null}},"type":"if","locations":[{"start":{"line":58,"column":8},"end":{"line":60,"column":null}}]},"4":{"loc":{"start":{"line":62,"column":8},"end":{"line":64,"column":null}},"type":"if","locations":[{"start":{"line":62,"column":8},"end":{"line":64,"column":null}}]},"5":{"loc":{"start":{"line":66,"column":8},"end":{"line":66,"column":72}},"type":"cond-expr","locations":[{"start":{"line":66,"column":15},"end":{"line":66,"column":65}},{"start":{"line":66,"column":68},"end":{"line":66,"column":72}}]},"6":{"loc":{"start":{"line":77,"column":8},"end":{"line":79,"column":null}},"type":"if","locations":[{"start":{"line":77,"column":8},"end":{"line":79,"column":null}}]},"7":{"loc":{"start":{"line":81,"column":8},"end":{"line":83,"column":null}},"type":"if","locations":[{"start":{"line":81,"column":8},"end":{"line":83,"column":null}}]},"8":{"loc":{"start":{"line":95,"column":8},"end":{"line":97,"column":null}},"type":"if","locations":[{"start":{"line":95,"column":8},"end":{"line":97,"column":null}}]},"9":{"loc":{"start":{"line":100,"column":12},"end":{"line":102,"column":null}},"type":"if","locations":[{"start":{"line":100,"column":12},"end":{"line":102,"column":null}}]}},"s":{"0":2,"1":2,"2":2,"3":2,"4":2,"5":2,"6":4,"7":4,"8":4,"9":3,"10":1,"11":2,"12":2,"13":1,"14":1,"15":1,"16":1,"17":2,"18":2,"19":0,"20":0,"21":0,"22":0,"23":0,"24":0,"25":0,"26":0,"27":0,"28":0,"29":0,"30":0,"31":0,"32":2,"33":2,"34":0,"35":0,"36":0,"37":0,"38":0,"39":0,"40":0,"41":0,"42":0,"43":0,"44":0,"45":2,"46":2,"47":0,"48":0,"49":0,"50":0,"51":0,"52":0,"53":0,"54":0,"55":0,"56":0,"57":0,"58":0,"59":2,"60":2,"61":4,"62":4,"63":4,"64":1,"65":3,"66":3,"67":2,"68":1,"69":1,"70":1,"71":2},"f":{"0":4,"1":0,"2":0,"3":0,"4":0,"5":4,"6":2},"b":{"0":[1],"1":[1],"2":[0],"3":[0],"4":[0],"5":[0,0],"6":[0],"7":[0],"8":[1],"9":[1]}}
,"C:\\Users\\Bidetti\\Documents\\Workspace\\smarthire-back\\src\\controllers\\avaliacaoController.ts": {"path":"C:\\Users\\Bidetti\\Documents\\Workspace\\smarthire-back\\src\\controllers\\avaliacaoController.ts","statementMap":{"0":{"start":{"line":2,"column":0},"end":{"line":2,"column":54}},"1":{"start":{"line":3,"column":0},"end":{"line":3,"column":38}},"2":{"start":{"line":5,"column":32},"end":{"line":17,"column":5}},"3":{"start":{"line":6,"column":28},"end":{"line":6,"column":38}},"4":{"start":{"line":7,"column":4},"end":{"line":16,"column":null}},"5":{"start":{"line":8,"column":26},"end":{"line":8,"column":71}},"6":{"start":{"line":9,"column":8},"end":{"line":11,"column":null}},"7":{"start":{"line":10,"column":8},"end":{"line":10,"column":75}},"8":{"start":{"line":12,"column":8},"end":{"line":12,"column":47}},"9":{"start":{"line":14,"column":8},"end":{"line":14,"column":58}},"10":{"start":{"line":15,"column":8},"end":{"line":15,"column":77}},"11":{"start":{"line":5,"column":13},"end":{"line":5,"column":32}},"12":{"start":{"line":19,"column":32},"end":{"line":27,"column":1}},"13":{"start":{"line":20,"column":4},"end":{"line":26,"column":null}},"14":{"start":{"line":21,"column":27},"end":{"line":21,"column":54}},"15":{"start":{"line":22,"column":8},"end":{"line":22,"column":48}},"16":{"start":{"line":24,"column":8},"end":{"line":24,"column":60}},"17":{"start":{"line":25,"column":8},"end":{"line":25,"column":79}},"18":{"start":{"line":19,"column":13},"end":{"line":19,"column":32}},"19":{"start":{"line":29,"column":34},"end":{"line":41,"column":1}},"20":{"start":{"line":30,"column":23},"end":{"line":30,"column":33}},"21":{"start":{"line":31,"column":4},"end":{"line":40,"column":null}},"22":{"start":{"line":32,"column":27},"end":{"line":32,"column":64}},"23":{"start":{"line":33,"column":8},"end":{"line":35,"column":null}},"24":{"start":{"line":34,"column":12},"end":{"line":34,"column":79}},"25":{"start":{"line":36,"column":8},"end":{"line":36,"column":48}},"26":{"start":{"line":38,"column":8},"end":{"line":38,"column":58}},"27":{"start":{"line":39,"column":8},"end":{"line":39,"column":77}},"28":{"start":{"line":29,"column":13},"end":{"line":29,"column":34}},"29":{"start":{"line":43,"column":31},"end":{"line":52,"column":1}},"30":{"start":{"line":44,"column":4},"end":{"line":51,"column":null}},"31":{"start":{"line":45,"column":26},"end":{"line":45,"column":54}},"32":{"start":{"line":46,"column":8},"end":{"line":46,"column":25}},"33":{"start":{"line":47,"column":8},"end":{"line":47,"column":47}},"34":{"start":{"line":49,"column":8},"end":{"line":49,"column":57}},"35":{"start":{"line":50,"column":8},"end":{"line":50,"column":76}},"36":{"start":{"line":43,"column":13},"end":{"line":43,"column":31}},"37":{"start":{"line":54,"column":31},"end":{"line":64,"column":1}},"38":{"start":{"line":55,"column":4},"end":{"line":63,"column":null}},"39":{"start":{"line":56,"column":32},"end":{"line":56,"column":42}},"40":{"start":{"line":57,"column":26},"end":{"line":57,"column":54}},"41":{"start":{"line":58,"column":8},"end":{"line":58,"column":74}},"42":{"start":{"line":59,"column":8},"end":{"line":59,"column":47}},"43":{"start":{"line":61,"column":8},"end":{"line":61,"column":61}},"44":{"start":{"line":62,"column":8},"end":{"line":62,"column":80}},"45":{"start":{"line":54,"column":13},"end":{"line":54,"column":31}},"46":{"start":{"line":66,"column":31},"end":{"line":75,"column":1}},"47":{"start":{"line":67,"column":4},"end":{"line":74,"column":null}},"48":{"start":{"line":68,"column":32},"end":{"line":68,"column":42}},"49":{"start":{"line":69,"column":8},"end":{"line":69,"column":63}},"50":{"start":{"line":70,"column":8},"end":{"line":70,"column":83}},"51":{"start":{"line":72,"column":8},"end":{"line":72,"column":59}},"52":{"start":{"line":73,"column":8},"end":{"line":73,"column":78}},"53":{"start":{"line":66,"column":13},"end":{"line":66,"column":31}}},"fnMap":{"0":{"name":"(anonymous_1)","decl":{"start":{"line":5,"column":32},"end":{"line":5,"column":37}},"loc":{"start":{"line":5,"column":70},"end":{"line":17,"column":5}}},"1":{"name":"(anonymous_2)","decl":{"start":{"line":19,"column":32},"end":{"line":19,"column":37}},"loc":{"start":{"line":19,"column":70},"end":{"line":27,"column":1}}},"2":{"name":"(anonymous_3)","decl":{"start":{"line":29,"column":34},"end":{"line":29,"column":39}},"loc":{"start":{"line":29,"column":72},"end":{"line":41,"column":1}}},"3":{"name":"(anonymous_4)","decl":{"start":{"line":43,"column":31},"end":{"line":43,"column":32}},"loc":{"start":{"line":43,"column":63},"end":{"line":52,"column":1}}},"4":{"name":"(anonymous_5)","decl":{"start":{"line":54,"column":31},"end":{"line":54,"column":36}},"loc":{"start":{"line":54,"column":69},"end":{"line":64,"column":1}}},"5":{"name":"(anonymous_6)","decl":{"start":{"line":66,"column":31},"end":{"line":66,"column":36}},"loc":{"start":{"line":66,"column":69},"end":{"line":75,"column":1}}}},"branchMap":{"0":{"loc":{"start":{"line":9,"column":8},"end":{"line":11,"column":null}},"type":"if","locations":[{"start":{"line":9,"column":8},"end":{"line":11,"column":null}}]},"1":{"loc":{"start":{"line":33,"column":8},"end":{"line":35,"column":null}},"type":"if","locations":[{"start":{"line":33,"column":8},"end":{"line":35,"column":null}}]}},"s":{"0":2,"1":2,"2":2,"3":0,"4":0,"5":0,"6":0,"7":0,"8":0,"9":0,"10":0,"11":2,"12":2,"13":0,"14":0,"15":0,"16":0,"17":0,"18":2,"19":2,"20":0,"21":0,"22":0,"23":0,"24":0,"25":0,"26":0,"27":0,"28":2,"29":2,"30":0,"31":0,"32":0,"33":0,"34":0,"35":0,"36":2,"37":2,"38":0,"39":0,"40":0,"41":0,"42":0,"43":0,"44":0,"45":2,"46":2,"47":0,"48":0,"49":0,"50":0,"51":0,"52":0,"53":2},"f":{"0":0,"1":0,"2":0,"3":0,"4":0,"5":0},"b":{"0":[0],"1":[0]}}
,"C:\\Users\\Bidetti\\Documents\\Workspace\\smarthire-back\\src\\controllers\\prestadorController.ts": {"path":"C:\\Users\\Bidetti\\Documents\\Workspace\\smarthire-back\\src\\controllers\\prestadorController.ts","statementMap":{"0":{"start":{"line":2,"column":0},"end":{"line":2,"column":54}},"1":{"start":{"line":3,"column":0},"end":{"line":3,"column":38}},"2":{"start":{"line":5,"column":32},"end":{"line":17,"column":1}},"3":{"start":{"line":6,"column":21},"end":{"line":6,"column":31}},"4":{"start":{"line":7,"column":2},"end":{"line":16,"column":null}},"5":{"start":{"line":8,"column":22},"end":{"line":8,"column":62}},"6":{"start":{"line":9,"column":4},"end":{"line":11,"column":null}},"7":{"start":{"line":10,"column":6},"end":{"line":10,"column":73}},"8":{"start":{"line":12,"column":4},"end":{"line":12,"column":43}},"9":{"start":{"line":14,"column":4},"end":{"line":14,"column":54}},"10":{"start":{"line":15,"column":4},"end":{"line":15,"column":73}},"11":{"start":{"line":5,"column":13},"end":{"line":5,"column":32}},"12":{"start":{"line":19,"column":41},"end":{"line":28,"column":1}},"13":{"start":{"line":20,"column":24},"end":{"line":20,"column":34}},"14":{"start":{"line":21,"column":2},"end":{"line":27,"column":null}},"15":{"start":{"line":22,"column":24},"end":{"line":22,"column":64}},"16":{"start":{"line":23,"column":4},"end":{"line":23,"column":45}},"17":{"start":{"line":25,"column":4},"end":{"line":25,"column":68}},"18":{"start":{"line":26,"column":4},"end":{"line":26,"column":87}},"19":{"start":{"line":19,"column":13},"end":{"line":19,"column":41}},"20":{"start":{"line":30,"column":33},"end":{"line":38,"column":1}},"21":{"start":{"line":31,"column":2},"end":{"line":37,"column":null}},"22":{"start":{"line":32,"column":24},"end":{"line":32,"column":51}},"23":{"start":{"line":33,"column":4},"end":{"line":33,"column":45}},"24":{"start":{"line":35,"column":4},"end":{"line":35,"column":57}},"25":{"start":{"line":36,"column":4},"end":{"line":36,"column":76}},"26":{"start":{"line":30,"column":13},"end":{"line":30,"column":33}},"27":{"start":{"line":40,"column":31},"end":{"line":49,"column":1}},"28":{"start":{"line":41,"column":2},"end":{"line":48,"column":null}},"29":{"start":{"line":42,"column":22},"end":{"line":42,"column":50}},"30":{"start":{"line":43,"column":4},"end":{"line":43,"column":21}},"31":{"start":{"line":44,"column":4},"end":{"line":44,"column":43}},"32":{"start":{"line":46,"column":4},"end":{"line":46,"column":53}},"33":{"start":{"line":47,"column":4},"end":{"line":47,"column":72}},"34":{"start":{"line":40,"column":13},"end":{"line":40,"column":31}},"35":{"start":{"line":51,"column":31},"end":{"line":61,"column":1}},"36":{"start":{"line":52,"column":2},"end":{"line":60,"column":null}},"37":{"start":{"line":53,"column":23},"end":{"line":53,"column":33}},"38":{"start":{"line":54,"column":22},"end":{"line":54,"column":50}},"39":{"start":{"line":55,"column":4},"end":{"line":55,"column":59}},"40":{"start":{"line":56,"column":4},"end":{"line":56,"column":43}},"41":{"start":{"line":58,"column":4},"end":{"line":58,"column":57}},"42":{"start":{"line":59,"column":4},"end":{"line":59,"column":76}},"43":{"start":{"line":51,"column":13},"end":{"line":51,"column":31}},"44":{"start":{"line":63,"column":31},"end":{"line":72,"column":1}},"45":{"start":{"line":64,"column":2},"end":{"line":71,"column":null}},"46":{"start":{"line":65,"column":23},"end":{"line":65,"column":33}},"47":{"start":{"line":66,"column":4},"end":{"line":66,"column":48}},"48":{"start":{"line":67,"column":4},"end":{"line":67,"column":79}},"49":{"start":{"line":69,"column":4},"end":{"line":69,"column":55}},"50":{"start":{"line":70,"column":4},"end":{"line":70,"column":74}},"51":{"start":{"line":63,"column":13},"end":{"line":63,"column":31}}},"fnMap":{"0":{"name":"(anonymous_1)","decl":{"start":{"line":5,"column":32},"end":{"line":5,"column":37}},"loc":{"start":{"line":5,"column":70},"end":{"line":17,"column":1}}},"1":{"name":"(anonymous_2)","decl":{"start":{"line":19,"column":41},"end":{"line":19,"column":46}},"loc":{"start":{"line":19,"column":79},"end":{"line":28,"column":1}}},"2":{"name":"(anonymous_3)","decl":{"start":{"line":30,"column":33},"end":{"line":30,"column":38}},"loc":{"start":{"line":30,"column":71},"end":{"line":38,"column":1}}},"3":{"name":"(anonymous_4)","decl":{"start":{"line":40,"column":31},"end":{"line":40,"column":32}},"loc":{"start":{"line":40,"column":63},"end":{"line":49,"column":1}}},"4":{"name":"(anonymous_5)","decl":{"start":{"line":51,"column":31},"end":{"line":51,"column":32}},"loc":{"start":{"line":51,"column":63},"end":{"line":61,"column":1}}},"5":{"name":"(anonymous_6)","decl":{"start":{"line":63,"column":31},"end":{"line":63,"column":32}},"loc":{"start":{"line":63,"column":63},"end":{"line":72,"column":1}}}},"branchMap":{"0":{"loc":{"start":{"line":9,"column":4},"end":{"line":11,"column":null}},"type":"if","locations":[{"start":{"line":9,"column":4},"end":{"line":11,"column":null}}]}},"s":{"0":2,"1":2,"2":2,"3":0,"4":0,"5":0,"6":0,"7":0,"8":0,"9":0,"10":0,"11":2,"12":2,"13":0,"14":0,"15":0,"16":0,"17":0,"18":0,"19":2,"20":2,"21":0,"22":0,"23":0,"24":0,"25":0,"26":2,"27":2,"28":0,"29":0,"30":0,"31":0,"32":0,"33":0,"34":2,"35":2,"36":0,"37":0,"38":0,"39":0,"40":0,"41":0,"42":0,"43":2,"44":2,"45":0,"46":0,"47":0,"48":0,"49":0,"50":0,"51":2},"f":{"0":0,"1":0,"2":0,"3":0,"4":0,"5":0},"b":{"0":[0]}}
,"C:\\Users\\Bidetti\\Documents\\Workspace\\smarthire-back\\src\\controllers\\propostaController.ts": {"path":"C:\\Users\\Bidetti\\Documents\\Workspace\\smarthire-back\\src\\controllers\\propostaController.ts","statementMap":{"0":{"start":{"line":2,"column":0},"end":{"line":2,"column":52}},"1":{"start":{"line":3,"column":0},"end":{"line":3,"column":38}},"2":{"start":{"line":6,"column":31},"end":{"line":18,"column":1}},"3":{"start":{"line":7,"column":27},"end":{"line":7,"column":37}},"4":{"start":{"line":8,"column":4},"end":{"line":17,"column":null}},"5":{"start":{"line":9,"column":25},"end":{"line":9,"column":68}},"6":{"start":{"line":10,"column":8},"end":{"line":12,"column":null}},"7":{"start":{"line":11,"column":12},"end":{"line":11,"column":78}},"8":{"start":{"line":13,"column":8},"end":{"line":13,"column":46}},"9":{"start":{"line":15,"column":8},"end":{"line":15,"column":57}},"10":{"start":{"line":16,"column":8},"end":{"line":16,"column":76}},"11":{"start":{"line":6,"column":13},"end":{"line":6,"column":31}},"12":{"start":{"line":20,"column":31},"end":{"line":28,"column":1}},"13":{"start":{"line":21,"column":4},"end":{"line":27,"column":null}},"14":{"start":{"line":22,"column":26},"end":{"line":22,"column":52}},"15":{"start":{"line":23,"column":8},"end":{"line":23,"column":47}},"16":{"start":{"line":25,"column":8},"end":{"line":25,"column":59}},"17":{"start":{"line":26,"column":8},"end":{"line":26,"column":78}},"18":{"start":{"line":20,"column":13},"end":{"line":20,"column":31}},"19":{"start":{"line":30,"column":33},"end":{"line":42,"column":1}},"20":{"start":{"line":31,"column":23},"end":{"line":31,"column":33}},"21":{"start":{"line":32,"column":4},"end":{"line":41,"column":null}},"22":{"start":{"line":33,"column":26},"end":{"line":33,"column":62}},"23":{"start":{"line":34,"column":8},"end":{"line":36,"column":null}},"24":{"start":{"line":35,"column":12},"end":{"line":35,"column":78}},"25":{"start":{"line":37,"column":8},"end":{"line":37,"column":47}},"26":{"start":{"line":39,"column":8},"end":{"line":39,"column":57}},"27":{"start":{"line":40,"column":8},"end":{"line":40,"column":76}},"28":{"start":{"line":30,"column":13},"end":{"line":30,"column":33}},"29":{"start":{"line":44,"column":30},"end":{"line":53,"column":1}},"30":{"start":{"line":45,"column":4},"end":{"line":52,"column":null}},"31":{"start":{"line":46,"column":25},"end":{"line":46,"column":52}},"32":{"start":{"line":47,"column":8},"end":{"line":47,"column":24}},"33":{"start":{"line":48,"column":8},"end":{"line":48,"column":46}},"34":{"start":{"line":50,"column":8},"end":{"line":50,"column":56}},"35":{"start":{"line":51,"column":8},"end":{"line":51,"column":75}},"36":{"start":{"line":44,"column":13},"end":{"line":44,"column":30}},"37":{"start":{"line":55,"column":30},"end":{"line":65,"column":1}},"38":{"start":{"line":56,"column":4},"end":{"line":64,"column":null}},"39":{"start":{"line":57,"column":31},"end":{"line":57,"column":41}},"40":{"start":{"line":58,"column":25},"end":{"line":58,"column":52}},"41":{"start":{"line":59,"column":8},"end":{"line":59,"column":71}},"42":{"start":{"line":60,"column":8},"end":{"line":60,"column":46}},"43":{"start":{"line":62,"column":8},"end":{"line":62,"column":60}},"44":{"start":{"line":63,"column":8},"end":{"line":63,"column":79}},"45":{"start":{"line":55,"column":13},"end":{"line":55,"column":30}},"46":{"start":{"line":67,"column":30},"end":{"line":76,"column":1}},"47":{"start":{"line":68,"column":4},"end":{"line":75,"column":null}},"48":{"start":{"line":69,"column":31},"end":{"line":69,"column":41}},"49":{"start":{"line":70,"column":8},"end":{"line":70,"column":61}},"50":{"start":{"line":71,"column":8},"end":{"line":71,"column":82}},"51":{"start":{"line":73,"column":8},"end":{"line":73,"column":58}},"52":{"start":{"line":74,"column":8},"end":{"line":74,"column":77}},"53":{"start":{"line":67,"column":13},"end":{"line":67,"column":30}}},"fnMap":{"0":{"name":"(anonymous_1)","decl":{"start":{"line":6,"column":31},"end":{"line":6,"column":36}},"loc":{"start":{"line":6,"column":69},"end":{"line":18,"column":1}}},"1":{"name":"(anonymous_2)","decl":{"start":{"line":20,"column":31},"end":{"line":20,"column":36}},"loc":{"start":{"line":20,"column":69},"end":{"line":28,"column":1}}},"2":{"name":"(anonymous_3)","decl":{"start":{"line":30,"column":33},"end":{"line":30,"column":38}},"loc":{"start":{"line":30,"column":71},"end":{"line":42,"column":1}}},"3":{"name":"(anonymous_4)","decl":{"start":{"line":44,"column":30},"end":{"line":44,"column":31}},"loc":{"start":{"line":44,"column":62},"end":{"line":53,"column":1}}},"4":{"name":"(anonymous_5)","decl":{"start":{"line":55,"column":30},"end":{"line":55,"column":35}},"loc":{"start":{"line":55,"column":68},"end":{"line":65,"column":1}}},"5":{"name":"(anonymous_6)","decl":{"start":{"line":67,"column":30},"end":{"line":67,"column":35}},"loc":{"start":{"line":67,"column":68},"end":{"line":76,"column":1}}}},"branchMap":{"0":{"loc":{"start":{"line":10,"column":8},"end":{"line":12,"column":null}},"type":"if","locations":[{"start":{"line":10,"column":8},"end":{"line":12,"column":null}}]},"1":{"loc":{"start":{"line":34,"column":8},"end":{"line":36,"column":null}},"type":"if","locations":[{"start":{"line":34,"column":8},"end":{"line":36,"column":null}}]}},"s":{"0":2,"1":2,"2":2,"3":0,"4":0,"5":0,"6":0,"7":0,"8":0,"9":0,"10":0,"11":2,"12":2,"13":0,"14":0,"15":0,"16":0,"17":0,"18":2,"19":2,"20":0,"21":0,"22":0,"23":0,"24":0,"25":0,"26":0,"27":0,"28":2,"29":2,"30":0,"31":0,"32":0,"33":0,"34":0,"35":0,"36":2,"37":2,"38":0,"39":0,"40":0,"41":0,"42":0,"43":0,"44":0,"45":2,"46":2,"47":0,"48":0,"49":0,"50":0,"51":0,"52":0,"53":2},"f":{"0":0,"1":0,"2":0,"3":0,"4":0,"5":0},"b":{"0":[0],"1":[0]}}
,"C:\\Users\\Bidetti\\Documents\\Workspace\\smarthire-back\\src\\controllers\\registroController.ts": {"path":"C:\\Users\\Bidetti\\Documents\\Workspace\\smarthire-back\\src\\controllers\\registroController.ts","statementMap":{"0":{"start":{"line":2,"column":0},"end":{"line":2,"column":52}},"1":{"start":{"line":3,"column":0},"end":{"line":3,"column":38}},"2":{"start":{"line":5,"column":31},"end":{"line":18,"column":1}},"3":{"start":{"line":6,"column":27},"end":{"line":6,"column":37}},"4":{"start":{"line":7,"column":4},"end":{"line":17,"column":null}},"5":{"start":{"line":8,"column":25},"end":{"line":8,"column":68}},"6":{"start":{"line":9,"column":8},"end":{"line":12,"column":null}},"7":{"start":{"line":10,"column":12},"end":{"line":10,"column":66}},"8":{"start":{"line":11,"column":12},"end":{"line":11,"column":78}},"9":{"start":{"line":13,"column":8},"end":{"line":13,"column":46}},"10":{"start":{"line":15,"column":8},"end":{"line":15,"column":57}},"11":{"start":{"line":16,"column":8},"end":{"line":16,"column":76}},"12":{"start":{"line":5,"column":13},"end":{"line":5,"column":31}},"13":{"start":{"line":20,"column":31},"end":{"line":28,"column":1}},"14":{"start":{"line":21,"column":4},"end":{"line":27,"column":null}},"15":{"start":{"line":22,"column":26},"end":{"line":22,"column":52}},"16":{"start":{"line":23,"column":8},"end":{"line":23,"column":47}},"17":{"start":{"line":25,"column":8},"end":{"line":25,"column":59}},"18":{"start":{"line":26,"column":8},"end":{"line":26,"column":78}},"19":{"start":{"line":20,"column":13},"end":{"line":20,"column":31}},"20":{"start":{"line":30,"column":36},"end":{"line":43,"column":1}},"21":{"start":{"line":31,"column":26},"end":{"line":31,"column":36}},"22":{"start":{"line":32,"column":4},"end":{"line":42,"column":null}},"23":{"start":{"line":33,"column":26},"end":{"line":33,"column":65}},"24":{"start":{"line":34,"column":8},"end":{"line":37,"column":null}},"25":{"start":{"line":35,"column":12},"end":{"line":35,"column":65}},"26":{"start":{"line":36,"column":12},"end":{"line":36,"column":78}},"27":{"start":{"line":38,"column":8},"end":{"line":38,"column":47}},"28":{"start":{"line":40,"column":8},"end":{"line":40,"column":57}},"29":{"start":{"line":41,"column":8},"end":{"line":41,"column":76}},"30":{"start":{"line":30,"column":13},"end":{"line":30,"column":36}},"31":{"start":{"line":45,"column":30},"end":{"line":54,"column":1}},"32":{"start":{"line":46,"column":4},"end":{"line":53,"column":null}},"33":{"start":{"line":47,"column":25},"end":{"line":47,"column":52}},"34":{"start":{"line":48,"column":8},"end":{"line":48,"column":24}},"35":{"start":{"line":49,"column":8},"end":{"line":49,"column":46}},"36":{"start":{"line":51,"column":8},"end":{"line":51,"column":56}},"37":{"start":{"line":52,"column":8},"end":{"line":52,"column":75}},"38":{"start":{"line":45,"column":13},"end":{"line":45,"column":30}},"39":{"start":{"line":56,"column":30},"end":{"line":66,"column":1}},"40":{"start":{"line":57,"column":4},"end":{"line":65,"column":null}},"41":{"start":{"line":58,"column":31},"end":{"line":58,"column":41}},"42":{"start":{"line":59,"column":25},"end":{"line":59,"column":52}},"43":{"start":{"line":60,"column":8},"end":{"line":60,"column":71}},"44":{"start":{"line":61,"column":8},"end":{"line":61,"column":46}},"45":{"start":{"line":63,"column":8},"end":{"line":63,"column":60}},"46":{"start":{"line":64,"column":8},"end":{"line":64,"column":79}},"47":{"start":{"line":56,"column":13},"end":{"line":56,"column":30}},"48":{"start":{"line":68,"column":30},"end":{"line":77,"column":1}},"49":{"start":{"line":69,"column":4},"end":{"line":76,"column":null}},"50":{"start":{"line":70,"column":31},"end":{"line":70,"column":41}},"51":{"start":{"line":71,"column":8},"end":{"line":71,"column":55}},"52":{"start":{"line":72,"column":8},"end":{"line":72,"column":82}},"53":{"start":{"line":74,"column":8},"end":{"line":74,"column":58}},"54":{"start":{"line":75,"column":8},"end":{"line":75,"column":77}},"55":{"start":{"line":68,"column":13},"end":{"line":68,"column":30}}},"fnMap":{"0":{"name":"(anonymous_1)","decl":{"start":{"line":5,"column":31},"end":{"line":5,"column":36}},"loc":{"start":{"line":5,"column":69},"end":{"line":18,"column":1}}},"1":{"name":"(anonymous_2)","decl":{"start":{"line":20,"column":31},"end":{"line":20,"column":36}},"loc":{"start":{"line":20,"column":69},"end":{"line":28,"column":1}}},"2":{"name":"(anonymous_3)","decl":{"start":{"line":30,"column":36},"end":{"line":30,"column":41}},"loc":{"start":{"line":30,"column":74},"end":{"line":43,"column":1}}},"3":{"name":"(anonymous_4)","decl":{"start":{"line":45,"column":30},"end":{"line":45,"column":31}},"loc":{"start":{"line":45,"column":62},"end":{"line":54,"column":1}}},"4":{"name":"(anonymous_5)","decl":{"start":{"line":56,"column":30},"end":{"line":56,"column":35}},"loc":{"start":{"line":56,"column":68},"end":{"line":66,"column":1}}},"5":{"name":"(anonymous_6)","decl":{"start":{"line":68,"column":30},"end":{"line":68,"column":35}},"loc":{"start":{"line":68,"column":68},"end":{"line":77,"column":1}}}},"branchMap":{"0":{"loc":{"start":{"line":9,"column":8},"end":{"line":12,"column":null}},"type":"if","locations":[{"start":{"line":9,"column":8},"end":{"line":12,"column":null}}]},"1":{"loc":{"start":{"line":34,"column":8},"end":{"line":37,"column":null}},"type":"if","locations":[{"start":{"line":34,"column":8},"end":{"line":37,"column":null}}]}},"s":{"0":2,"1":2,"2":2,"3":0,"4":0,"5":0,"6":0,"7":0,"8":0,"9":0,"10":0,"11":0,"12":2,"13":2,"14":0,"15":0,"16":0,"17":0,"18":0,"19":2,"20":2,"21":0,"22":0,"23":0,"24":0,"25":0,"26":0,"27":0,"28":0,"29":0,"30":2,"31":2,"32":0,"33":0,"34":0,"35":0,"36":0,"37":0,"38":2,"39":2,"40":0,"41":0,"42":0,"43":0,"44":0,"45":0,"46":0,"47":2,"48":2,"49":0,"50":0,"51":0,"52":0,"53":0,"54":0,"55":2},"f":{"0":0,"1":0,"2":0,"3":0,"4":0,"5":0},"b":{"0":[0],"1":[0]}}
,"C:\\Users\\Bidetti\\Documents\\Workspace\\smarthire-back\\src\\controllers\\servicoController.ts": {"path":"C:\\Users\\Bidetti\\Documents\\Workspace\\smarthire-back\\src\\controllers\\servicoController.ts","statementMap":{"0":{"start":{"line":2,"column":0},"end":{"line":2,"column":50}},"1":{"start":{"line":3,"column":0},"end":{"line":3,"column":38}},"2":{"start":{"line":5,"column":30},"end":{"line":18,"column":1}},"3":{"start":{"line":6,"column":26},"end":{"line":6,"column":36}},"4":{"start":{"line":7,"column":4},"end":{"line":17,"column":null}},"5":{"start":{"line":8,"column":24},"end":{"line":8,"column":65}},"6":{"start":{"line":9,"column":8},"end":{"line":12,"column":null}},"7":{"start":{"line":10,"column":12},"end":{"line":10,"column":64}},"8":{"start":{"line":11,"column":12},"end":{"line":11,"column":77}},"9":{"start":{"line":13,"column":8},"end":{"line":13,"column":45}},"10":{"start":{"line":15,"column":8},"end":{"line":15,"column":56}},"11":{"start":{"line":16,"column":8},"end":{"line":16,"column":75}},"12":{"start":{"line":5,"column":13},"end":{"line":5,"column":30}},"13":{"start":{"line":20,"column":30},"end":{"line":28,"column":1}},"14":{"start":{"line":21,"column":4},"end":{"line":27,"column":null}},"15":{"start":{"line":22,"column":25},"end":{"line":22,"column":50}},"16":{"start":{"line":23,"column":8},"end":{"line":23,"column":46}},"17":{"start":{"line":25,"column":8},"end":{"line":25,"column":58}},"18":{"start":{"line":26,"column":8},"end":{"line":26,"column":77}},"19":{"start":{"line":20,"column":13},"end":{"line":20,"column":30}},"20":{"start":{"line":30,"column":32},"end":{"line":43,"column":1}},"21":{"start":{"line":31,"column":23},"end":{"line":31,"column":33}},"22":{"start":{"line":32,"column":4},"end":{"line":42,"column":null}},"23":{"start":{"line":33,"column":25},"end":{"line":33,"column":60}},"24":{"start":{"line":34,"column":8},"end":{"line":37,"column":null}},"25":{"start":{"line":35,"column":12},"end":{"line":35,"column":74}},"26":{"start":{"line":36,"column":12},"end":{"line":36,"column":77}},"27":{"start":{"line":38,"column":8},"end":{"line":38,"column":46}},"28":{"start":{"line":40,"column":8},"end":{"line":40,"column":56}},"29":{"start":{"line":41,"column":8},"end":{"line":41,"column":75}},"30":{"start":{"line":30,"column":13},"end":{"line":30,"column":32}},"31":{"start":{"line":44,"column":37},"end":{"line":57,"column":1}},"32":{"start":{"line":45,"column":26},"end":{"line":45,"column":36}},"33":{"start":{"line":46,"column":4},"end":{"line":56,"column":null}},"34":{"start":{"line":47,"column":25},"end":{"line":47,"column":63}},"35":{"start":{"line":48,"column":8},"end":{"line":51,"column":null}},"36":{"start":{"line":49,"column":12},"end":{"line":49,"column":69}},"37":{"start":{"line":50,"column":12},"end":{"line":50,"column":77}},"38":{"start":{"line":52,"column":8},"end":{"line":52,"column":46}},"39":{"start":{"line":54,"column":8},"end":{"line":54,"column":56}},"40":{"start":{"line":55,"column":8},"end":{"line":55,"column":75}},"41":{"start":{"line":44,"column":13},"end":{"line":44,"column":37}},"42":{"start":{"line":59,"column":29},"end":{"line":68,"column":1}},"43":{"start":{"line":60,"column":4},"end":{"line":67,"column":null}},"44":{"start":{"line":61,"column":24},"end":{"line":61,"column":50}},"45":{"start":{"line":62,"column":8},"end":{"line":62,"column":23}},"46":{"start":{"line":63,"column":8},"end":{"line":63,"column":45}},"47":{"start":{"line":65,"column":8},"end":{"line":65,"column":55}},"48":{"start":{"line":66,"column":8},"end":{"line":66,"column":74}},"49":{"start":{"line":59,"column":13},"end":{"line":59,"column":29}},"50":{"start":{"line":70,"column":29},"end":{"line":80,"column":1}},"51":{"start":{"line":71,"column":4},"end":{"line":79,"column":null}},"52":{"start":{"line":72,"column":30},"end":{"line":72,"column":40}},"53":{"start":{"line":73,"column":24},"end":{"line":73,"column":50}},"54":{"start":{"line":74,"column":8},"end":{"line":74,"column":62}},"55":{"start":{"line":75,"column":8},"end":{"line":75,"column":45}},"56":{"start":{"line":77,"column":8},"end":{"line":77,"column":59}},"57":{"start":{"line":78,"column":8},"end":{"line":78,"column":78}},"58":{"start":{"line":70,"column":13},"end":{"line":70,"column":29}},"59":{"start":{"line":82,"column":29},"end":{"line":91,"column":1}},"60":{"start":{"line":83,"column":4},"end":{"line":90,"column":null}},"61":{"start":{"line":84,"column":30},"end":{"line":84,"column":40}},"62":{"start":{"line":85,"column":8},"end":{"line":85,"column":53}},"63":{"start":{"line":86,"column":8},"end":{"line":86,"column":81}},"64":{"start":{"line":88,"column":8},"end":{"line":88,"column":57}},"65":{"start":{"line":89,"column":8},"end":{"line":89,"column":76}},"66":{"start":{"line":82,"column":13},"end":{"line":82,"column":29}}},"fnMap":{"0":{"name":"(anonymous_1)","decl":{"start":{"line":5,"column":30},"end":{"line":5,"column":35}},"loc":{"start":{"line":5,"column":68},"end":{"line":18,"column":1}}},"1":{"name":"(anonymous_2)","decl":{"start":{"line":20,"column":30},"end":{"line":20,"column":35}},"loc":{"start":{"line":20,"column":68},"end":{"line":28,"column":1}}},"2":{"name":"(anonymous_3)","decl":{"start":{"line":30,"column":32},"end":{"line":30,"column":37}},"loc":{"start":{"line":30,"column":70},"end":{"line":43,"column":1}}},"3":{"name":"(anonymous_4)","decl":{"start":{"line":44,"column":37},"end":{"line":44,"column":42}},"loc":{"start":{"line":44,"column":75},"end":{"line":57,"column":1}}},"4":{"name":"(anonymous_5)","decl":{"start":{"line":59,"column":29},"end":{"line":59,"column":30}},"loc":{"start":{"line":59,"column":61},"end":{"line":68,"column":1}}},"5":{"name":"(anonymous_6)","decl":{"start":{"line":70,"column":29},"end":{"line":70,"column":30}},"loc":{"start":{"line":70,"column":61},"end":{"line":80,"column":1}}},"6":{"name":"(anonymous_7)","decl":{"start":{"line":82,"column":29},"end":{"line":82,"column":30}},"loc":{"start":{"line":82,"column":61},"end":{"line":91,"column":1}}}},"branchMap":{"0":{"loc":{"start":{"line":9,"column":8},"end":{"line":12,"column":null}},"type":"if","locations":[{"start":{"line":9,"column":8},"end":{"line":12,"column":null}}]},"1":{"loc":{"start":{"line":34,"column":8},"end":{"line":37,"column":null}},"type":"if","locations":[{"start":{"line":34,"column":8},"end":{"line":37,"column":null}}]},"2":{"loc":{"start":{"line":48,"column":8},"end":{"line":51,"column":null}},"type":"if","locations":[{"start":{"line":48,"column":8},"end":{"line":51,"column":null}}]}},"s":{"0":2,"1":2,"2":2,"3":0,"4":0,"5":0,"6":0,"7":0,"8":0,"9":0,"10":0,"11":0,"12":2,"13":2,"14":0,"15":0,"16":0,"17":0,"18":0,"19":2,"20":2,"21":0,"22":0,"23":0,"24":0,"25":0,"26":0,"27":0,"28":0,"29":0,"30":2,"31":2,"32":0,"33":0,"34":0,"35":0,"36":0,"37":0,"38":0,"39":0,"40":0,"41":2,"42":2,"43":0,"44":0,"45":0,"46":0,"47":0,"48":0,"49":2,"50":2,"51":0,"52":0,"53":0,"54":0,"55":0,"56":0,"57":0,"58":2,"59":2,"60":0,"61":0,"62":0,"63":0,"64":0,"65":0,"66":2},"f":{"0":0,"1":0,"2":0,"3":0,"4":0,"5":0,"6":0},"b":{"0":[0],"1":[0],"2":[0]}}
,"C:\\Users\\Bidetti\\Documents\\Workspace\\smarthire-back\\src\\controllers\\userController.ts": {"path":"C:\\Users\\Bidetti\\Documents\\Workspace\\smarthire-back\\src\\controllers\\userController.ts","statementMap":{"0":{"start":{"line":2,"column":0},"end":{"line":2,"column":44}},"1":{"start":{"line":3,"column":0},"end":{"line":3,"column":28}},"2":{"start":{"line":5,"column":27},"end":{"line":16,"column":1}},"3":{"start":{"line":6,"column":21},"end":{"line":6,"column":31}},"4":{"start":{"line":7,"column":2},"end":{"line":15,"column":null}},"5":{"start":{"line":8,"column":17},"end":{"line":8,"column":66}},"6":{"start":{"line":9,"column":4},"end":{"line":11,"column":null}},"7":{"start":{"line":10,"column":6},"end":{"line":10,"column":71}},"8":{"start":{"line":12,"column":4},"end":{"line":12,"column":38}},"9":{"start":{"line":14,"column":4},"end":{"line":14,"column":71}},"10":{"start":{"line":5,"column":13},"end":{"line":5,"column":27}},"11":{"start":{"line":18,"column":30},"end":{"line":29,"column":1}},"12":{"start":{"line":19,"column":20},"end":{"line":19,"column":30}},"13":{"start":{"line":20,"column":2},"end":{"line":28,"column":null}},"14":{"start":{"line":21,"column":17},"end":{"line":21,"column":75}},"15":{"start":{"line":22,"column":4},"end":{"line":24,"column":null}},"16":{"start":{"line":23,"column":6},"end":{"line":23,"column":71}},"17":{"start":{"line":25,"column":4},"end":{"line":25,"column":38}},"18":{"start":{"line":27,"column":4},"end":{"line":27,"column":71}},"19":{"start":{"line":18,"column":13},"end":{"line":18,"column":30}},"20":{"start":{"line":32,"column":27},"end":{"line":39,"column":1}},"21":{"start":{"line":33,"column":2},"end":{"line":38,"column":null}},"22":{"start":{"line":34,"column":18},"end":{"line":34,"column":57}},"23":{"start":{"line":35,"column":4},"end":{"line":35,"column":39}},"24":{"start":{"line":37,"column":4},"end":{"line":37,"column":73}},"25":{"start":{"line":32,"column":13},"end":{"line":32,"column":27}},"26":{"start":{"line":42,"column":26},"end":{"line":57,"column":1}},"27":{"start":{"line":43,"column":2},"end":{"line":56,"column":null}},"28":{"start":{"line":44,"column":17},"end":{"line":44,"column":25}},"29":{"start":{"line":45,"column":4},"end":{"line":45,"column":49}},"30":{"start":{"line":46,"column":20},"end":{"line":46,"column":39}},"31":{"start":{"line":47,"column":4},"end":{"line":47,"column":25}},"32":{"start":{"line":48,"column":23},"end":{"line":48,"column":41}},"33":{"start":{"line":49,"column":4},"end":{"line":49,"column":28}},"34":{"start":{"line":50,"column":4},"end":{"line":50,"column":44}},"35":{"start":{"line":52,"column":4},"end":{"line":54,"column":null}},"36":{"start":{"line":53,"column":6},"end":{"line":53,"column":83}},"37":{"start":{"line":55,"column":4},"end":{"line":55,"column":70}},"38":{"start":{"line":42,"column":13},"end":{"line":42,"column":26}},"39":{"start":{"line":59,"column":26},"end":{"line":71,"column":1}},"40":{"start":{"line":60,"column":2},"end":{"line":70,"column":null}},"41":{"start":{"line":61,"column":23},"end":{"line":61,"column":33}},"42":{"start":{"line":62,"column":17},"end":{"line":62,"column":25}},"43":{"start":{"line":63,"column":24},"end":{"line":63,"column":94}},"44":{"start":{"line":64,"column":4},"end":{"line":66,"column":null}},"45":{"start":{"line":65,"column":6},"end":{"line":65,"column":72}},"46":{"start":{"line":67,"column":4},"end":{"line":67,"column":45}},"47":{"start":{"line":69,"column":4},"end":{"line":69,"column":74}},"48":{"start":{"line":59,"column":13},"end":{"line":59,"column":26}},"49":{"start":{"line":73,"column":26},"end":{"line":84,"column":1}},"50":{"start":{"line":74,"column":2},"end":{"line":83,"column":null}},"51":{"start":{"line":75,"column":23},"end":{"line":75,"column":33}},"52":{"start":{"line":76,"column":24},"end":{"line":76,"column":73}},"53":{"start":{"line":77,"column":4},"end":{"line":79,"column":null}},"54":{"start":{"line":78,"column":6},"end":{"line":78,"column":72}},"55":{"start":{"line":80,"column":4},"end":{"line":80,"column":77}},"56":{"start":{"line":82,"column":4},"end":{"line":82,"column":72}},"57":{"start":{"line":73,"column":13},"end":{"line":73,"column":26}}},"fnMap":{"0":{"name":"(anonymous_1)","decl":{"start":{"line":5,"column":27},"end":{"line":5,"column":32}},"loc":{"start":{"line":5,"column":65},"end":{"line":16,"column":1}}},"1":{"name":"(anonymous_2)","decl":{"start":{"line":18,"column":30},"end":{"line":18,"column":35}},"loc":{"start":{"line":18,"column":68},"end":{"line":29,"column":1}}},"2":{"name":"(anonymous_3)","decl":{"start":{"line":32,"column":27},"end":{"line":32,"column":32}},"loc":{"start":{"line":32,"column":65},"end":{"line":39,"column":1}}},"3":{"name":"(anonymous_4)","decl":{"start":{"line":42,"column":26},"end":{"line":42,"column":31}},"loc":{"start":{"line":42,"column":64},"end":{"line":57,"column":1}}},"4":{"name":"(anonymous_5)","decl":{"start":{"line":59,"column":26},"end":{"line":59,"column":31}},"loc":{"start":{"line":59,"column":64},"end":{"line":71,"column":1}}},"5":{"name":"(anonymous_6)","decl":{"start":{"line":73,"column":26},"end":{"line":73,"column":31}},"loc":{"start":{"line":73,"column":64},"end":{"line":84,"column":1}}}},"branchMap":{"0":{"loc":{"start":{"line":9,"column":4},"end":{"line":11,"column":null}},"type":"if","locations":[{"start":{"line":9,"column":4},"end":{"line":11,"column":null}}]},"1":{"loc":{"start":{"line":22,"column":4},"end":{"line":24,"column":null}},"type":"if","locations":[{"start":{"line":22,"column":4},"end":{"line":24,"column":null}}]},"2":{"loc":{"start":{"line":52,"column":4},"end":{"line":54,"column":null}},"type":"if","locations":[{"start":{"line":52,"column":4},"end":{"line":54,"column":null}}]},"3":{"loc":{"start":{"line":64,"column":4},"end":{"line":66,"column":null}},"type":"if","locations":[{"start":{"line":64,"column":4},"end":{"line":66,"column":null}}]},"4":{"loc":{"start":{"line":77,"column":4},"end":{"line":79,"column":null}},"type":"if","locations":[{"start":{"line":77,"column":4},"end":{"line":79,"column":null}}]}},"s":{"0":2,"1":2,"2":2,"3":3,"4":3,"5":3,"6":2,"7":1,"8":1,"9":1,"10":2,"11":2,"12":3,"13":3,"14":3,"15":2,"16":1,"17":1,"18":1,"19":2,"20":2,"21":2,"22":2,"23":1,"24":1,"25":2,"26":2,"27":2,"28":2,"29":2,"30":2,"31":2,"32":0,"33":0,"34":0,"35":2,"36":1,"37":1,"38":2,"39":2,"40":3,"41":3,"42":3,"43":3,"44":2,"45":1,"46":1,"47":1,"48":2,"49":2,"50":0,"51":0,"52":0,"53":0,"54":0,"55":0,"56":0,"57":2},"f":{"0":3,"1":3,"2":2,"3":2,"4":3,"5":0},"b":{"0":[1],"1":[1],"2":[1],"3":[1],"4":[0]}}
,"C:\\Users\\Bidetti\\Documents\\Workspace\\smarthire-back\\src\\email\\config.ts": {"path":"C:\\Users\\Bidetti\\Documents\\Workspace\\smarthire-back\\src\\email\\config.ts","statementMap":{"0":{"start":{"line":1,"column":0},"end":{"line":1,"column":36}},"1":{"start":{"line":2,"column":0},"end":{"line":2,"column":36}},"2":{"start":{"line":3,"column":0},"end":{"line":3,"column":20}},"3":{"start":{"line":5,"column":0},"end":{"line":5,"column":38}},"4":{"start":{"line":14,"column":25},"end":{"line":48,"column":1}},"5":{"start":{"line":15,"column":45},"end":{"line":15,"column":52}},"6":{"start":{"line":16,"column":2},"end":{"line":47,"column":null}},"7":{"start":{"line":18,"column":17},"end":{"line":18,"column":80}},"8":{"start":{"line":20,"column":25},"end":{"line":20,"column":58}},"9":{"start":{"line":23,"column":24},"end":{"line":34,"column":37}},"10":{"start":{"line":36,"column":17},"end":{"line":43,"column":6}},"11":{"start":{"line":42,"column":6},"end":{"line":42,"column":64}},"12":{"start":{"line":45,"column":4},"end":{"line":45,"column":52}},"13":{"start":{"line":46,"column":4},"end":{"line":46,"column":17}},"14":{"start":{"line":14,"column":13},"end":{"line":14,"column":25}}},"fnMap":{"0":{"name":"(anonymous_1)","decl":{"start":{"line":14,"column":25},"end":{"line":14,"column":30}},"loc":{"start":{"line":14,"column":57},"end":{"line":48,"column":1}}},"1":{"name":"(anonymous_2)","decl":{"start":{"line":41,"column":13},"end":{"line":41,"column":14}},"loc":{"start":{"line":41,"column":23},"end":{"line":43,"column":5}}}},"branchMap":{},"s":{"0":1,"1":1,"2":1,"3":1,"4":1,"5":0,"6":0,"7":0,"8":0,"9":0,"10":0,"11":0,"12":0,"13":0,"14":1},"f":{"0":0,"1":0},"b":{}}
,"C:\\Users\\Bidetti\\Documents\\Workspace\\smarthire-back\\src\\middleware\\securityMiddleware.ts": {"path":"C:\\Users\\Bidetti\\Documents\\Workspace\\smarthire-back\\src\\middleware\\securityMiddleware.ts","statementMap":{"0":{"start":{"line":2,"column":0},"end":{"line":2,"column":43}},"1":{"start":{"line":8,"column":32},"end":{"line":26,"column":1}},"2":{"start":{"line":9,"column":23},"end":{"line":9,"column":48}},"3":{"start":{"line":10,"column":4},"end":{"line":25,"column":null}},"4":{"start":{"line":11,"column":22},"end":{"line":11,"column":46}},"5":{"start":{"line":12,"column":8},"end":{"line":22,"column":null}},"6":{"start":{"line":13,"column":12},"end":{"line":19,"column":15}},"7":{"start":{"line":14,"column":16},"end":{"line":16,"column":null}},"8":{"start":{"line":15,"column":20},"end":{"line":15,"column":79}},"9":{"start":{"line":17,"column":16},"end":{"line":17,"column":35}},"10":{"start":{"line":18,"column":16},"end":{"line":18,"column":23}},"11":{"start":{"line":21,"column":12},"end":{"line":21,"column":73}},"12":{"start":{"line":24,"column":8},"end":{"line":24,"column":65}},"13":{"start":{"line":8,"column":13},"end":{"line":8,"column":32}}},"fnMap":{"0":{"name":"(anonymous_1)","decl":{"start":{"line":8,"column":32},"end":{"line":8,"column":33}},"loc":{"start":{"line":8,"column":97},"end":{"line":26,"column":1}}},"1":{"name":"(anonymous_2)","decl":{"start":{"line":13,"column":64},"end":{"line":13,"column":65}},"loc":{"start":{"line":13,"column":81},"end":{"line":19,"column":13}}}},"branchMap":{"0":{"loc":{"start":{"line":10,"column":4},"end":{"line":25,"column":null}},"type":"if","locations":[{"start":{"line":10,"column":4},"end":{"line":25,"column":null}},{"start":{"line":23,"column":11},"end":{"line":25,"column":null}}]},"1":{"loc":{"start":{"line":12,"column":8},"end":{"line":22,"column":null}},"type":"if","locations":[{"start":{"line":12,"column":8},"end":{"line":22,"column":null}},{"start":{"line":20,"column":15},"end":{"line":22,"column":null}}]},"2":{"loc":{"start":{"line":14,"column":16},"end":{"line":16,"column":null}},"type":"if","locations":[{"start":{"line":14,"column":16},"end":{"line":16,"column":null}}]}},"s":{"0":2,"1":2,"2":3,"3":3,"4":3,"5":3,"6":3,"7":3,"8":0,"9":3,"10":3,"11":0,"12":0,"13":2},"f":{"0":3,"1":3},"b":{"0":[3,0],"1":[3,0],"2":[0]}}
,"C:\\Users\\Bidetti\\Documents\\Workspace\\smarthire-back\\src\\models\\avaliacaoModel.ts": {"path":"C:\\Users\\Bidetti\\Documents\\Workspace\\smarthire-back\\src\\models\\avaliacaoModel.ts","statementMap":{"0":{"start":{"line":1,"column":0},"end":{"line":1,"column":54}},"1":{"start":{"line":12,"column":31},"end":{"line":18,"column":2}},"2":{"start":{"line":20,"column":23},"end":{"line":20,"column":78}},"3":{"start":{"line":22,"column":0},"end":{"line":22,"column":30}}},"fnMap":{},"branchMap":{},"s":{"0":2,"1":2,"2":2,"3":2},"f":{},"b":{}}
,"C:\\Users\\Bidetti\\Documents\\Workspace\\smarthire-back\\src\\models\\prestadorModel.ts": {"path":"C:\\Users\\Bidetti\\Documents\\Workspace\\smarthire-back\\src\\models\\prestadorModel.ts","statementMap":{"0":{"start":{"line":1,"column":0},"end":{"line":1,"column":61}},"1":{"start":{"line":14,"column":32},"end":{"line":23,"column":2}},"2":{"start":{"line":25,"column":23},"end":{"line":25,"column":78}},"3":{"start":{"line":27,"column":0},"end":{"line":27,"column":30}}},"fnMap":{},"branchMap":{},"s":{"0":2,"1":2,"2":2,"3":2},"f":{},"b":{}}
,"C:\\Users\\Bidetti\\Documents\\Workspace\\smarthire-back\\src\\models\\propostaModel.ts": {"path":"C:\\Users\\Bidetti\\Documents\\Workspace\\smarthire-back\\src\\models\\propostaModel.ts","statementMap":{"0":{"start":{"line":1,"column":0},"end":{"line":1,"column":54}},"1":{"start":{"line":10,"column":30},"end":{"line":15,"column":2}},"2":{"start":{"line":17,"column":22},"end":{"line":17,"column":74}},"3":{"start":{"line":19,"column":0},"end":{"line":19,"column":29}}},"fnMap":{},"branchMap":{},"s":{"0":2,"1":2,"2":2,"3":2},"f":{},"b":{}}
,"C:\\Users\\Bidetti\\Documents\\Workspace\\smarthire-back\\src\\models\\recoverModel.ts": {"path":"C:\\Users\\Bidetti\\Documents\\Workspace\\smarthire-back\\src\\models\\recoverModel.ts","statementMap":{"0":{"start":{"line":1,"column":0},"end":{"line":1,"column":52}},"1":{"start":{"line":9,"column":13},"end":{"line":13,"column":3}},"2":{"start":{"line":15,"column":25},"end":{"line":15,"column":86}},"3":{"start":{"line":17,"column":0},"end":{"line":17,"column":32}}},"fnMap":{},"branchMap":{},"s":{"0":2,"1":2,"2":2,"3":2},"f":{},"b":{}}
,"C:\\Users\\Bidetti\\Documents\\Workspace\\smarthire-back\\src\\models\\registroModel.ts": {"path":"C:\\Users\\Bidetti\\Documents\\Workspace\\smarthire-back\\src\\models\\registroModel.ts","statementMap":{"0":{"start":{"line":1,"column":0},"end":{"line":1,"column":52}},"1":{"start":{"line":8,"column":13},"end":{"line":11,"column":3}},"2":{"start":{"line":20,"column":13},"end":{"line":25,"column":3}},"3":{"start":{"line":27,"column":22},"end":{"line":27,"column":74}},"4":{"start":{"line":29,"column":0},"end":{"line":29,"column":29}}},"fnMap":{},"branchMap":{},"s":{"0":2,"1":2,"2":2,"3":2,"4":2},"f":{},"b":{}}
,"C:\\Users\\Bidetti\\Documents\\Workspace\\smarthire-back\\src\\models\\servicoModel.ts": {"path":"C:\\Users\\Bidetti\\Documents\\Workspace\\smarthire-back\\src\\models\\servicoModel.ts","statementMap":{"0":{"start":{"line":1,"column":0},"end":{"line":1,"column":54}},"1":{"start":{"line":19,"column":27},"end":{"line":22,"column":2}},"2":{"start":{"line":24,"column":30},"end":{"line":33,"column":2}},"3":{"start":{"line":35,"column":21},"end":{"line":35,"column":70}},"4":{"start":{"line":37,"column":0},"end":{"line":37,"column":28}}},"fnMap":{},"branchMap":{},"s":{"0":2,"1":2,"2":2,"3":2,"4":2},"f":{},"b":{}}
,"C:\\Users\\Bidetti\\Documents\\Workspace\\smarthire-back\\src\\models\\userModel.ts": {"path":"C:\\Users\\Bidetti\\Documents\\Workspace\\smarthire-back\\src\\models\\userModel.ts","statementMap":{"0":{"start":{"line":1,"column":0},"end":{"line":1,"column":54}},"1":{"start":{"line":18,"column":27},"end":{"line":31,"column":2}},"2":{"start":{"line":33,"column":18},"end":{"line":33,"column":58}},"3":{"start":{"line":35,"column":0},"end":{"line":35,"column":25}}},"fnMap":{},"branchMap":{},"s":{"0":2,"1":2,"2":2,"3":2},"f":{},"b":{}}
,"C:\\Users\\Bidetti\\Documents\\Workspace\\smarthire-back\\src\\routes\\routes.ts": {"path":"C:\\Users\\Bidetti\\Documents\\Workspace\\smarthire-back\\src\\routes\\routes.ts","statementMap":{"0":{"start":{"line":1,"column":0},"end":{"line":1,"column":30}},"1":{"start":{"line":2,"column":15},"end":{"line":2,"column":31}},"2":{"start":{"line":4,"column":0},"end":{"line":4,"column":68}},"3":{"start":{"line":8,"column":0},"end":{"line":8,"column":115}},"4":{"start":{"line":10,"column":0},"end":{"line":10,"column":38}},"5":{"start":{"line":11,"column":0},"end":{"line":11,"column":42}},"6":{"start":{"line":12,"column":0},"end":{"line":12,"column":40}},"7":{"start":{"line":13,"column":0},"end":{"line":13,"column":45}},"8":{"start":{"line":14,"column":0},"end":{"line":14,"column":42}},"9":{"start":{"line":18,"column":0},"end":{"line":18,"column":159}},"10":{"start":{"line":20,"column":0},"end":{"line":20,"column":56}},"11":{"start":{"line":21,"column":0},"end":{"line":21,"column":58}},"12":{"start":{"line":22,"column":0},"end":{"line":22,"column":43}},"13":{"start":{"line":23,"column":0},"end":{"line":23,"column":61}},"14":{"start":{"line":24,"column":0},"end":{"line":24,"column":73}},"15":{"start":{"line":25,"column":0},"end":{"line":25,"column":76}},"16":{"start":{"line":29,"column":0},"end":{"line":29,"column":167}},"17":{"start":{"line":31,"column":0},"end":{"line":31,"column":51}},"18":{"start":{"line":32,"column":0},"end":{"line":32,"column":73}},"19":{"start":{"line":33,"column":0},"end":{"line":33,"column":44}},"20":{"start":{"line":34,"column":0},"end":{"line":34,"column":61}},"21":{"start":{"line":35,"column":0},"end":{"line":35,"column":68}},"22":{"start":{"line":36,"column":0},"end":{"line":36,"column":71}},"23":{"start":{"line":39,"column":0},"end":{"line":39,"column":152}},"24":{"start":{"line":41,"column":0},"end":{"line":41,"column":53}},"25":{"start":{"line":42,"column":0},"end":{"line":42,"column":56}},"26":{"start":{"line":43,"column":0},"end":{"line":43,"column":41}},"27":{"start":{"line":44,"column":0},"end":{"line":44,"column":59}},"28":{"start":{"line":45,"column":0},"end":{"line":45,"column":70}},"29":{"start":{"line":46,"column":0},"end":{"line":46,"column":73}},"30":{"start":{"line":50,"column":0},"end":{"line":50,"column":155}},"31":{"start":{"line":52,"column":0},"end":{"line":52,"column":53}},"32":{"start":{"line":53,"column":0},"end":{"line":53,"column":65}},"33":{"start":{"line":54,"column":0},"end":{"line":54,"column":41}},"34":{"start":{"line":55,"column":0},"end":{"line":55,"column":59}},"35":{"start":{"line":56,"column":0},"end":{"line":56,"column":70}},"36":{"start":{"line":57,"column":0},"end":{"line":57,"column":73}},"37":{"start":{"line":61,"column":0},"end":{"line":61,"column":145}},"38":{"start":{"line":63,"column":0},"end":{"line":63,"column":50}},"39":{"start":{"line":64,"column":0},"end":{"line":64,"column":54}},"40":{"start":{"line":65,"column":0},"end":{"line":65,"column":39}},"41":{"start":{"line":66,"column":0},"end":{"line":66,"column":57}},"42":{"start":{"line":67,"column":0},"end":{"line":67,"column":67}},"43":{"start":{"line":68,"column":0},"end":{"line":68,"column":70}},"44":{"start":{"line":72,"column":0},"end":{"line":72,"column":125}},"45":{"start":{"line":74,"column":0},"end":{"line":74,"column":44}},"46":{"start":{"line":75,"column":0},"end":{"line":75,"column":49}},"47":{"start":{"line":76,"column":0},"end":{"line":76,"column":33}},"48":{"start":{"line":77,"column":0},"end":{"line":77,"column":33}},"49":{"start":{"line":78,"column":0},"end":{"line":78,"column":58}},"50":{"start":{"line":79,"column":0},"end":{"line":79,"column":61}},"51":{"start":{"line":81,"column":0},"end":{"line":81,"column":22}}},"fnMap":{},"branchMap":{},"s":{"0":2,"1":2,"2":2,"3":2,"4":2,"5":2,"6":2,"7":2,"8":2,"9":2,"10":2,"11":2,"12":2,"13":2,"14":2,"15":2,"16":2,"17":2,"18":2,"19":2,"20":2,"21":2,"22":2,"23":2,"24":2,"25":2,"26":2,"27":2,"28":2,"29":2,"30":2,"31":2,"32":2,"33":2,"34":2,"35":2,"36":2,"37":2,"38":2,"39":2,"40":2,"41":2,"42":2,"43":2,"44":2,"45":2,"46":2,"47":2,"48":2,"49":2,"50":2,"51":2},"f":{},"b":{}}
}
