TN:
SF:src\app.ts
FNF:0
FNH:0
DA:1,2
DA:2,2
DA:3,2
DA:4,2
DA:5,2
DA:6,2
DA:8,2
DA:10,2
DA:11,2
DA:12,2
DA:13,2
DA:15,2
DA:17,2
LF:13
LH:13
BRF:0
BRH:0
end_of_record
TN:
SF:src\config\logger.ts
FNF:0
FNH:0
DA:1,2
DA:2,2
DA:4,2
DA:13,2
DA:14,2
DA:19,2
LF:6
LH:6
BRDA:13,0,0,2
BRF:1
BRH:1
end_of_record
TN:
SF:src\controllers\authController.ts
FN:8,(anonymous_1)
FN:27,(anonymous_2)
FN:46,(anonymous_3)
FN:55,(anonymous_4)
FN:73,(anonymous_5)
FN:92,(anonymous_6)
FN:99,(anonymous_7)
FNF:7
FNH:3
FNDA:4,(anonymous_1)
FNDA:0,(anonymous_2)
FNDA:0,(anonymous_3)
FNDA:0,(anonymous_4)
FNDA:0,(anonymous_5)
FNDA:4,(anonymous_6)
FNDA:2,(anonymous_7)
DA:2,2
DA:3,2
DA:4,2
DA:5,2
DA:6,2
DA:8,2
DA:9,4
DA:10,4
DA:11,4
DA:12,3
DA:13,1
DA:15,2
DA:16,2
DA:17,1
DA:20,1
DA:21,1
DA:23,1
DA:27,2
DA:28,0
DA:29,0
DA:30,0
DA:31,0
DA:32,0
DA:34,0
DA:35,0
DA:36,0
DA:37,0
DA:38,0
DA:47,0
DA:49,0
DA:51,0
DA:55,2
DA:56,0
DA:57,0
DA:58,0
DA:59,0
DA:61,0
DA:62,0
DA:63,0
DA:65,0
DA:66,0
DA:67,0
DA:69,0
DA:73,2
DA:74,0
DA:75,0
DA:76,0
DA:77,0
DA:78,0
DA:80,0
DA:81,0
DA:82,0
DA:84,0
DA:85,0
DA:86,0
DA:88,0
DA:92,2
DA:93,4
DA:94,4
DA:95,4
DA:96,1
DA:98,3
DA:99,3
DA:100,2
DA:101,1
DA:103,1
DA:106,1
LF:67
LH:31
BRDA:12,0,0,1
BRDA:16,1,0,1
BRDA:31,2,0,0
BRDA:58,3,0,0
BRDA:62,4,0,0
BRDA:66,5,0,0
BRDA:66,5,1,0
BRDA:77,6,0,0
BRDA:81,7,0,0
BRDA:95,8,0,1
BRDA:100,9,0,1
BRF:11
BRH:4
end_of_record
TN:
SF:src\controllers\avaliacaoController.ts
FN:5,(anonymous_1)
FN:19,(anonymous_2)
FN:29,(anonymous_3)
FN:43,(anonymous_4)
FN:54,(anonymous_5)
FN:66,(anonymous_6)
FNF:6
FNH:0
FNDA:0,(anonymous_1)
FNDA:0,(anonymous_2)
FNDA:0,(anonymous_3)
FNDA:0,(anonymous_4)
FNDA:0,(anonymous_5)
FNDA:0,(anonymous_6)
DA:2,2
DA:3,2
DA:5,2
DA:6,0
DA:7,0
DA:8,0
DA:9,0
DA:10,0
DA:12,0
DA:14,0
DA:15,0
DA:19,2
DA:20,0
DA:21,0
DA:22,0
DA:24,0
DA:25,0
DA:29,2
DA:30,0
DA:31,0
DA:32,0
DA:33,0
DA:34,0
DA:36,0
DA:38,0
DA:39,0
DA:43,2
DA:44,0
DA:45,0
DA:46,0
DA:47,0
DA:49,0
DA:50,0
DA:54,2
DA:55,0
DA:56,0
DA:57,0
DA:58,0
DA:59,0
DA:61,0
DA:62,0
DA:66,2
DA:67,0
DA:68,0
DA:69,0
DA:70,0
DA:72,0
DA:73,0
LF:48
LH:8
BRDA:9,0,0,0
BRDA:33,1,0,0
BRF:2
BRH:0
end_of_record
TN:
SF:src\controllers\prestadorController.ts
FN:5,(anonymous_1)
FN:19,(anonymous_2)
FN:30,(anonymous_3)
FN:40,(anonymous_4)
FN:51,(anonymous_5)
FN:63,(anonymous_6)
FNF:6
FNH:0
FNDA:0,(anonymous_1)
FNDA:0,(anonymous_2)
FNDA:0,(anonymous_3)
FNDA:0,(anonymous_4)
FNDA:0,(anonymous_5)
FNDA:0,(anonymous_6)
DA:2,2
DA:3,2
DA:5,2
DA:6,0
DA:7,0
DA:8,0
DA:9,0
DA:10,0
DA:12,0
DA:14,0
DA:15,0
DA:19,2
DA:20,0
DA:21,0
DA:22,0
DA:23,0
DA:25,0
DA:26,0
DA:30,2
DA:31,0
DA:32,0
DA:33,0
DA:35,0
DA:36,0
DA:40,2
DA:41,0
DA:42,0
DA:43,0
DA:44,0
DA:46,0
DA:47,0
DA:51,2
DA:52,0
DA:53,0
DA:54,0
DA:55,0
DA:56,0
DA:58,0
DA:59,0
DA:63,2
DA:64,0
DA:65,0
DA:66,0
DA:67,0
DA:69,0
DA:70,0
LF:46
LH:8
BRDA:9,0,0,0
BRF:1
BRH:0
end_of_record
TN:
SF:src\controllers\propostaController.ts
FN:6,(anonymous_1)
FN:20,(anonymous_2)
FN:30,(anonymous_3)
FN:44,(anonymous_4)
FN:55,(anonymous_5)
FN:67,(anonymous_6)
FNF:6
FNH:0
FNDA:0,(anonymous_1)
FNDA:0,(anonymous_2)
FNDA:0,(anonymous_3)
FNDA:0,(anonymous_4)
FNDA:0,(anonymous_5)
FNDA:0,(anonymous_6)
DA:2,2
DA:3,2
DA:6,2
DA:7,0
DA:8,0
DA:9,0
DA:10,0
DA:11,0
DA:13,0
DA:15,0
DA:16,0
DA:20,2
DA:21,0
DA:22,0
DA:23,0
DA:25,0
DA:26,0
DA:30,2
DA:31,0
DA:32,0
DA:33,0
DA:34,0
DA:35,0
DA:37,0
DA:39,0
DA:40,0
DA:44,2
DA:45,0
DA:46,0
DA:47,0
DA:48,0
DA:50,0
DA:51,0
DA:55,2
DA:56,0
DA:57,0
DA:58,0
DA:59,0
DA:60,0
DA:62,0
DA:63,0
DA:67,2
DA:68,0
DA:69,0
DA:70,0
DA:71,0
DA:73,0
DA:74,0
LF:48
LH:8
BRDA:10,0,0,0
BRDA:34,1,0,0
BRF:2
BRH:0
end_of_record
TN:
SF:src\controllers\registroController.ts
FN:5,(anonymous_1)
FN:20,(anonymous_2)
FN:30,(anonymous_3)
FN:45,(anonymous_4)
FN:56,(anonymous_5)
FN:68,(anonymous_6)
FNF:6
FNH:0
FNDA:0,(anonymous_1)
FNDA:0,(anonymous_2)
FNDA:0,(anonymous_3)
FNDA:0,(anonymous_4)
FNDA:0,(anonymous_5)
FNDA:0,(anonymous_6)
DA:2,2
DA:3,2
DA:5,2
DA:6,0
DA:7,0
DA:8,0
DA:9,0
DA:10,0
DA:11,0
DA:13,0
DA:15,0
DA:16,0
DA:20,2
DA:21,0
DA:22,0
DA:23,0
DA:25,0
DA:26,0
DA:30,2
DA:31,0
DA:32,0
DA:33,0
DA:34,0
DA:35,0
DA:36,0
DA:38,0
DA:40,0
DA:41,0
DA:45,2
DA:46,0
DA:47,0
DA:48,0
DA:49,0
DA:51,0
DA:52,0
DA:56,2
DA:57,0
DA:58,0
DA:59,0
DA:60,0
DA:61,0
DA:63,0
DA:64,0
DA:68,2
DA:69,0
DA:70,0
DA:71,0
DA:72,0
DA:74,0
DA:75,0
LF:50
LH:8
BRDA:9,0,0,0
BRDA:34,1,0,0
BRF:2
BRH:0
end_of_record
TN:
SF:src\controllers\servicoController.ts
FN:5,(anonymous_1)
FN:20,(anonymous_2)
FN:30,(anonymous_3)
FN:44,(anonymous_4)
FN:59,(anonymous_5)
FN:70,(anonymous_6)
FN:82,(anonymous_7)
FNF:7
FNH:0
FNDA:0,(anonymous_1)
FNDA:0,(anonymous_2)
FNDA:0,(anonymous_3)
FNDA:0,(anonymous_4)
FNDA:0,(anonymous_5)
FNDA:0,(anonymous_6)
FNDA:0,(anonymous_7)
DA:2,2
DA:3,2
DA:5,2
DA:6,0
DA:7,0
DA:8,0
DA:9,0
DA:10,0
DA:11,0
DA:13,0
DA:15,0
DA:16,0
DA:20,2
DA:21,0
DA:22,0
DA:23,0
DA:25,0
DA:26,0
DA:30,2
DA:31,0
DA:32,0
DA:33,0
DA:34,0
DA:35,0
DA:36,0
DA:38,0
DA:40,0
DA:41,0
DA:44,2
DA:45,0
DA:46,0
DA:47,0
DA:48,0
DA:49,0
DA:50,0
DA:52,0
DA:54,0
DA:55,0
DA:59,2
DA:60,0
DA:61,0
DA:62,0
DA:63,0
DA:65,0
DA:66,0
DA:70,2
DA:71,0
DA:72,0
DA:73,0
DA:74,0
DA:75,0
DA:77,0
DA:78,0
DA:82,2
DA:83,0
DA:84,0
DA:85,0
DA:86,0
DA:88,0
DA:89,0
LF:60
LH:9
BRDA:9,0,0,0
BRDA:34,1,0,0
BRDA:48,2,0,0
BRF:3
BRH:0
end_of_record
TN:
SF:src\controllers\userController.ts
FN:5,(anonymous_1)
FN:18,(anonymous_2)
FN:32,(anonymous_3)
FN:42,(anonymous_4)
FN:59,(anonymous_5)
FN:73,(anonymous_6)
FNF:6
FNH:5
FNDA:3,(anonymous_1)
FNDA:3,(anonymous_2)
FNDA:2,(anonymous_3)
FNDA:2,(anonymous_4)
FNDA:3,(anonymous_5)
FNDA:0,(anonymous_6)
DA:2,2
DA:3,2
DA:5,2
DA:6,3
DA:7,3
DA:8,3
DA:9,2
DA:10,1
DA:12,1
DA:14,1
DA:18,2
DA:19,3
DA:20,3
DA:21,3
DA:22,2
DA:23,1
DA:25,1
DA:27,1
DA:32,2
DA:33,2
DA:34,2
DA:35,1
DA:37,1
DA:42,2
DA:43,2
DA:44,2
DA:45,2
DA:46,2
DA:47,2
DA:48,0
DA:49,0
DA:50,0
DA:52,2
DA:53,1
DA:55,1
DA:59,2
DA:60,3
DA:61,3
DA:62,3
DA:63,3
DA:64,2
DA:65,1
DA:67,1
DA:69,1
DA:73,2
DA:74,0
DA:75,0
DA:76,0
DA:77,0
DA:78,0
DA:80,0
DA:82,0
LF:52
LH:42
BRDA:9,0,0,1
BRDA:22,1,0,1
BRDA:52,2,0,1
BRDA:64,3,0,1
BRDA:77,4,0,0
BRF:5
BRH:4
end_of_record
TN:
SF:src\email\config.ts
FN:14,(anonymous_1)
FN:41,(anonymous_2)
FNF:2
FNH:0
FNDA:0,(anonymous_1)
FNDA:0,(anonymous_2)
DA:1,1
DA:2,1
DA:3,1
DA:5,1
DA:14,1
DA:15,0
DA:16,0
DA:18,0
DA:20,0
DA:23,0
DA:36,0
DA:42,0
DA:45,0
DA:46,0
LF:14
LH:5
BRF:0
BRH:0
end_of_record
TN:
SF:src\middleware\securityMiddleware.ts
FN:8,(anonymous_1)
FN:13,(anonymous_2)
FNF:2
FNH:2
FNDA:3,(anonymous_1)
FNDA:3,(anonymous_2)
DA:2,2
DA:8,2
DA:9,3
DA:10,3
DA:11,3
DA:12,3
DA:13,3
DA:14,3
DA:15,0
DA:17,3
DA:18,3
DA:21,0
DA:24,0
LF:13
LH:10
BRDA:10,0,0,3
BRDA:10,0,1,0
BRDA:12,1,0,3
BRDA:12,1,1,0
BRDA:14,2,0,0
BRF:5
BRH:2
end_of_record
TN:
SF:src\models\avaliacaoModel.ts
FNF:0
FNH:0
DA:1,2
DA:12,2
DA:20,2
DA:22,2
LF:4
LH:4
BRF:0
BRH:0
end_of_record
TN:
SF:src\models\prestadorModel.ts
FNF:0
FNH:0
DA:1,2
DA:14,2
DA:25,2
DA:27,2
LF:4
LH:4
BRF:0
BRH:0
end_of_record
TN:
SF:src\models\propostaModel.ts
FNF:0
FNH:0
DA:1,2
DA:10,2
DA:17,2
DA:19,2
LF:4
LH:4
BRF:0
BRH:0
end_of_record
TN:
SF:src\models\recoverModel.ts
FNF:0
FNH:0
DA:1,2
DA:9,2
DA:15,2
DA:17,2
LF:4
LH:4
BRF:0
BRH:0
end_of_record
TN:
SF:src\models\registroModel.ts
FNF:0
FNH:0
DA:1,2
DA:8,2
DA:20,2
DA:27,2
DA:29,2
LF:5
LH:5
BRF:0
BRH:0
end_of_record
TN:
SF:src\models\servicoModel.ts
FNF:0
FNH:0
DA:1,2
DA:19,2
DA:24,2
DA:35,2
DA:37,2
LF:5
LH:5
BRF:0
BRH:0
end_of_record
TN:
SF:src\models\userModel.ts
FNF:0
FNH:0
DA:1,2
DA:18,2
DA:33,2
DA:35,2
LF:4
LH:4
BRF:0
BRH:0
end_of_record
TN:
SF:src\routes\routes.ts
FNF:0
FNH:0
DA:1,2
DA:2,2
DA:4,2
DA:8,2
DA:10,2
DA:11,2
DA:12,2
DA:13,2
DA:14,2
DA:18,2
DA:20,2
DA:21,2
DA:22,2
DA:23,2
DA:24,2
DA:25,2
DA:29,2
DA:31,2
DA:32,2
DA:33,2
DA:34,2
DA:35,2
DA:36,2
DA:39,2
DA:41,2
DA:42,2
DA:43,2
DA:44,2
DA:45,2
DA:46,2
DA:50,2
DA:52,2
DA:53,2
DA:54,2
DA:55,2
DA:56,2
DA:57,2
DA:61,2
DA:63,2
DA:64,2
DA:65,2
DA:66,2
DA:67,2
DA:68,2
DA:72,2
DA:74,2
DA:75,2
DA:76,2
DA:77,2
DA:78,2
DA:79,2
DA:81,2
LF:52
LH:52
BRF:0
BRH:0
end_of_record
