{"C:\\Users\\Bidetti\\Documents\\Workspace\\smarthire-back\\src\\app.ts": {"path":"C:\\Users\\Bidetti\\Documents\\Workspace\\smarthire-back\\src\\app.ts","statementMap":{"0":{"start":{"line":1,"column":0},"end":{"line":1,"column":30}},"1":{"start":{"line":2,"column":0},"end":{"line":2,"column":24}},"2":{"start":{"line":3,"column":0},"end":{"line":3,"column":28}},"3":{"start":{"line":4,"column":0},"end":{"line":4,"column":28}},"4":{"start":{"line":5,"column":0},"end":{"line":5,"column":37}},"5":{"start":{"line":6,"column":0},"end":{"line":6,"column":37}},"6":{"start":{"line":8,"column":12},"end":{"line":8,"column":21}},"7":{"start":{"line":10,"column":0},"end":{"line":10,"column":16}},"8":{"start":{"line":11,"column":0},"end":{"line":11,"column":18}},"9":{"start":{"line":12,"column":0},"end":{"line":12,"column":23}},"10":{"start":{"line":13,"column":0},"end":{"line":13,"column":27}},"11":{"start":{"line":15,"column":0},"end":{"line":15,"column":24}},"12":{"start":{"line":17,"column":0},"end":{"line":17,"column":19}}},"fnMap":{},"branchMap":{},"s":{"0":1,"1":1,"2":1,"3":1,"4":1,"5":1,"6":1,"7":1,"8":1,"9":1,"10":1,"11":1,"12":1},"f":{},"b":{}}
,"C:\\Users\\Bidetti\\Documents\\Workspace\\smarthire-back\\src\\config\\logger.ts": {"path":"C:\\Users\\Bidetti\\Documents\\Workspace\\smarthire-back\\src\\config\\logger.ts","statementMap":{"0":{"start":{"line":1,"column":0},"end":{"line":1,"column":30}},"1":{"start":{"line":2,"column":0},"end":{"line":2,"column":28}},"2":{"start":{"line":4,"column":15},"end":{"line":13,"column":2}},"3":{"start":{"line":15,"column":0},"end":{"line":19,"column":null}},"4":{"start":{"line":16,"column":4},"end":{"line":18,"column":8}},"5":{"start":{"line":21,"column":0},"end":{"line":21,"column":22}}},"fnMap":{},"branchMap":{"0":{"loc":{"start":{"line":15,"column":0},"end":{"line":19,"column":null}},"type":"if","locations":[{"start":{"line":15,"column":0},"end":{"line":19,"column":null}}]}},"s":{"0":1,"1":1,"2":1,"3":1,"4":1,"5":1},"f":{},"b":{"0":[1]}}
,"C:\\Users\\Bidetti\\Documents\\Workspace\\smarthire-back\\src\\controllers\\authController.ts": {"path":"C:\\Users\\Bidetti\\Documents\\Workspace\\smarthire-back\\src\\controllers\\authController.ts","statementMap":{"0":{"start":{"line":2,"column":0},"end":{"line":2,"column":44}},"1":{"start":{"line":3,"column":0},"end":{"line":3,"column":28}},"2":{"start":{"line":4,"column":0},"end":{"line":4,"column":31}},"3":{"start":{"line":5,"column":0},"end":{"line":5,"column":54}},"4":{"start":{"line":6,"column":0},"end":{"line":6,"column":44}},"5":{"start":{"line":7,"column":0},"end":{"line":7,"column":38}},"6":{"start":{"line":9,"column":31},"end":{"line":28,"column":1}},"7":{"start":{"line":10,"column":4},"end":{"line":27,"column":null}},"8":{"start":{"line":11,"column":33},"end":{"line":11,"column":41}},"9":{"start":{"line":12,"column":21},"end":{"line":12,"column":62}},"10":{"start":{"line":13,"column":8},"end":{"line":15,"column":null}},"11":{"start":{"line":14,"column":12},"end":{"line":14,"column":77}},"12":{"start":{"line":16,"column":28},"end":{"line":16,"column":68}},"13":{"start":{"line":17,"column":8},"end":{"line":19,"column":null}},"14":{"start":{"line":18,"column":12},"end":{"line":18,"column":69}},"15":{"start":{"line":21,"column":22},"end":{"line":21,"column":107}},"16":{"start":{"line":22,"column":8},"end":{"line":22,"column":65}},"17":{"start":{"line":23,"column":8},"end":{"line":23,"column":47}},"18":{"start":{"line":25,"column":8},"end":{"line":25,"column":58}},"19":{"start":{"line":26,"column":8},"end":{"line":26,"column":77}},"20":{"start":{"line":9,"column":13},"end":{"line":9,"column":31}},"21":{"start":{"line":30,"column":27},"end":{"line":60,"column":1}},"22":{"start":{"line":31,"column":4},"end":{"line":59,"column":null}},"23":{"start":{"line":32,"column":26},"end":{"line":32,"column":34}},"24":{"start":{"line":33,"column":8},"end":{"line":33,"column":76}},"25":{"start":{"line":34,"column":21},"end":{"line":34,"column":76}},"26":{"start":{"line":35,"column":8},"end":{"line":35,"column":null}},"27":{"start":{"line":36,"column":8},"end":{"line":38,"column":null}},"28":{"start":{"line":37,"column":12},"end":{"line":37,"column":77}},"29":{"start":{"line":39,"column":21},"end":{"line":39,"column":64}},"30":{"start":{"line":40,"column":25},"end":{"line":40,"column":63}},"31":{"start":{"line":41,"column":24},"end":{"line":41,"column":82}},"32":{"start":{"line":42,"column":8},"end":{"line":42,"column":29}},"33":{"start":{"line":43,"column":8},"end":{"line":54,"column":11}},"34":{"start":{"line":52,"column":12},"end":{"line":52,"column":56}},"35":{"start":{"line":53,"column":12},"end":{"line":53,"column":77}},"36":{"start":{"line":55,"column":8},"end":{"line":55,"column":58}},"37":{"start":{"line":57,"column":8},"end":{"line":57,"column":68}},"38":{"start":{"line":58,"column":8},"end":{"line":58,"column":88}},"39":{"start":{"line":30,"column":13},"end":{"line":30,"column":27}},"40":{"start":{"line":62,"column":26},"end":{"line":79,"column":1}},"41":{"start":{"line":63,"column":4},"end":{"line":78,"column":null}},"42":{"start":{"line":64,"column":21},"end":{"line":64,"column":79}},"43":{"start":{"line":65,"column":8},"end":{"line":67,"column":null}},"44":{"start":{"line":66,"column":12},"end":{"line":66,"column":76}},"45":{"start":{"line":68,"column":26},"end":{"line":68,"column":94}},"46":{"start":{"line":69,"column":8},"end":{"line":71,"column":null}},"47":{"start":{"line":70,"column":12},"end":{"line":70,"column":70}},"48":{"start":{"line":72,"column":28},"end":{"line":72,"column":120}},"49":{"start":{"line":73,"column":8},"end":{"line":73,"column":73}},"50":{"start":{"line":74,"column":8},"end":{"line":74,"column":53}},"51":{"start":{"line":76,"column":8},"end":{"line":76,"column":58}},"52":{"start":{"line":77,"column":8},"end":{"line":77,"column":77}},"53":{"start":{"line":62,"column":13},"end":{"line":62,"column":26}},"54":{"start":{"line":81,"column":29},"end":{"line":101,"column":1}},"55":{"start":{"line":82,"column":4},"end":{"line":100,"column":null}},"56":{"start":{"line":83,"column":47},"end":{"line":83,"column":55}},"57":{"start":{"line":84,"column":21},"end":{"line":84,"column":53}},"58":{"start":{"line":85,"column":8},"end":{"line":88,"column":null}},"59":{"start":{"line":86,"column":12},"end":{"line":86,"column":61}},"60":{"start":{"line":87,"column":12},"end":{"line":87,"column":77}},"61":{"start":{"line":89,"column":27},"end":{"line":89,"column":84}},"62":{"start":{"line":90,"column":8},"end":{"line":92,"column":null}},"63":{"start":{"line":91,"column":12},"end":{"line":91,"column":69}},"64":{"start":{"line":93,"column":26},"end":{"line":93,"column":52}},"65":{"start":{"line":94,"column":8},"end":{"line":94,"column":72}},"66":{"start":{"line":95,"column":8},"end":{"line":95,"column":71}},"67":{"start":{"line":96,"column":8},"end":{"line":96,"column":79}},"68":{"start":{"line":98,"column":8},"end":{"line":98,"column":55}},"69":{"start":{"line":99,"column":8},"end":{"line":99,"column":75}},"70":{"start":{"line":81,"column":13},"end":{"line":81,"column":29}},"71":{"start":{"line":103,"column":25},"end":{"line":121,"column":1}},"72":{"start":{"line":104,"column":4},"end":{"line":120,"column":null}},"73":{"start":{"line":105,"column":22},"end":{"line":105,"column":47}},"74":{"start":{"line":106,"column":8},"end":{"line":108,"column":null}},"75":{"start":{"line":107,"column":12},"end":{"line":107,"column":75}},"76":{"start":{"line":109,"column":29},"end":{"line":109,"column":51}},"77":{"start":{"line":110,"column":8},"end":{"line":116,"column":11}},"78":{"start":{"line":111,"column":12},"end":{"line":114,"column":null}},"79":{"start":{"line":112,"column":16},"end":{"line":112,"column":52}},"80":{"start":{"line":113,"column":16},"end":{"line":113,"column":74}},"81":{"start":{"line":115,"column":12},"end":{"line":115,"column":48}},"82":{"start":{"line":118,"column":8},"end":{"line":118,"column":57}},"83":{"start":{"line":119,"column":8},"end":{"line":119,"column":76}},"84":{"start":{"line":103,"column":13},"end":{"line":103,"column":25}}},"fnMap":{"0":{"name":"(anonymous_1)","decl":{"start":{"line":9,"column":31},"end":{"line":9,"column":36}},"loc":{"start":{"line":9,"column":69},"end":{"line":28,"column":1}}},"1":{"name":"(anonymous_2)","decl":{"start":{"line":30,"column":27},"end":{"line":30,"column":32}},"loc":{"start":{"line":30,"column":65},"end":{"line":60,"column":1}}},"2":{"name":"(anonymous_3)","decl":{"start":{"line":51,"column":17},"end":{"line":51,"column":18}},"loc":{"start":{"line":51,"column":25},"end":{"line":54,"column":9}}},"3":{"name":"(anonymous_4)","decl":{"start":{"line":62,"column":26},"end":{"line":62,"column":31}},"loc":{"start":{"line":62,"column":64},"end":{"line":79,"column":1}}},"4":{"name":"(anonymous_5)","decl":{"start":{"line":81,"column":29},"end":{"line":81,"column":34}},"loc":{"start":{"line":81,"column":67},"end":{"line":101,"column":1}}},"5":{"name":"(anonymous_6)","decl":{"start":{"line":103,"column":25},"end":{"line":103,"column":30}},"loc":{"start":{"line":103,"column":62},"end":{"line":121,"column":1}}},"6":{"name":"(anonymous_7)","decl":{"start":{"line":110,"column":63},"end":{"line":110,"column":64}},"loc":{"start":{"line":110,"column":90},"end":{"line":116,"column":9}}}},"branchMap":{"0":{"loc":{"start":{"line":13,"column":8},"end":{"line":15,"column":null}},"type":"if","locations":[{"start":{"line":13,"column":8},"end":{"line":15,"column":null}}]},"1":{"loc":{"start":{"line":17,"column":8},"end":{"line":19,"column":null}},"type":"if","locations":[{"start":{"line":17,"column":8},"end":{"line":19,"column":null}}]},"2":{"loc":{"start":{"line":36,"column":8},"end":{"line":38,"column":null}},"type":"if","locations":[{"start":{"line":36,"column":8},"end":{"line":38,"column":null}}]},"3":{"loc":{"start":{"line":65,"column":8},"end":{"line":67,"column":null}},"type":"if","locations":[{"start":{"line":65,"column":8},"end":{"line":67,"column":null}}]},"4":{"loc":{"start":{"line":69,"column":8},"end":{"line":71,"column":null}},"type":"if","locations":[{"start":{"line":69,"column":8},"end":{"line":71,"column":null}}]},"5":{"loc":{"start":{"line":73,"column":8},"end":{"line":73,"column":72}},"type":"cond-expr","locations":[{"start":{"line":73,"column":15},"end":{"line":73,"column":65}},{"start":{"line":73,"column":68},"end":{"line":73,"column":72}}]},"6":{"loc":{"start":{"line":85,"column":8},"end":{"line":88,"column":null}},"type":"if","locations":[{"start":{"line":85,"column":8},"end":{"line":88,"column":null}}]},"7":{"loc":{"start":{"line":90,"column":8},"end":{"line":92,"column":null}},"type":"if","locations":[{"start":{"line":90,"column":8},"end":{"line":92,"column":null}}]},"8":{"loc":{"start":{"line":106,"column":8},"end":{"line":108,"column":null}},"type":"if","locations":[{"start":{"line":106,"column":8},"end":{"line":108,"column":null}}]},"9":{"loc":{"start":{"line":111,"column":12},"end":{"line":114,"column":null}},"type":"if","locations":[{"start":{"line":111,"column":12},"end":{"line":114,"column":null}}]}},"s":{"0":1,"1":1,"2":1,"3":1,"4":1,"5":1,"6":1,"7":4,"8":4,"9":4,"10":3,"11":1,"12":2,"13":2,"14":1,"15":1,"16":1,"17":1,"18":1,"19":1,"20":1,"21":1,"22":0,"23":0,"24":0,"25":0,"26":0,"27":0,"28":0,"29":0,"30":0,"31":0,"32":0,"33":0,"34":0,"35":0,"36":0,"37":0,"38":0,"39":1,"40":1,"41":0,"42":0,"43":0,"44":0,"45":0,"46":0,"47":0,"48":0,"49":0,"50":0,"51":0,"52":0,"53":1,"54":1,"55":0,"56":0,"57":0,"58":0,"59":0,"60":0,"61":0,"62":0,"63":0,"64":0,"65":0,"66":0,"67":0,"68":0,"69":0,"70":1,"71":1,"72":4,"73":4,"74":4,"75":1,"76":3,"77":3,"78":2,"79":1,"80":1,"81":1,"82":1,"83":1,"84":1},"f":{"0":4,"1":0,"2":0,"3":0,"4":0,"5":4,"6":2},"b":{"0":[1],"1":[1],"2":[0],"3":[0],"4":[0],"5":[0,0],"6":[0],"7":[0],"8":[1],"9":[1]}}
,"C:\\Users\\Bidetti\\Documents\\Workspace\\smarthire-back\\src\\controllers\\avaliacaoController.ts": {"path":"C:\\Users\\Bidetti\\Documents\\Workspace\\smarthire-back\\src\\controllers\\avaliacaoController.ts","statementMap":{"0":{"start":{"line":2,"column":0},"end":{"line":2,"column":54}},"1":{"start":{"line":3,"column":0},"end":{"line":3,"column":38}},"2":{"start":{"line":5,"column":32},"end":{"line":17,"column":5}},"3":{"start":{"line":6,"column":28},"end":{"line":6,"column":38}},"4":{"start":{"line":7,"column":4},"end":{"line":16,"column":null}},"5":{"start":{"line":8,"column":26},"end":{"line":8,"column":71}},"6":{"start":{"line":9,"column":8},"end":{"line":11,"column":null}},"7":{"start":{"line":10,"column":8},"end":{"line":10,"column":77}},"8":{"start":{"line":12,"column":8},"end":{"line":12,"column":47}},"9":{"start":{"line":14,"column":8},"end":{"line":14,"column":58}},"10":{"start":{"line":15,"column":8},"end":{"line":15,"column":79}},"11":{"start":{"line":5,"column":13},"end":{"line":5,"column":32}},"12":{"start":{"line":19,"column":32},"end":{"line":27,"column":1}},"13":{"start":{"line":20,"column":4},"end":{"line":26,"column":null}},"14":{"start":{"line":21,"column":27},"end":{"line":21,"column":54}},"15":{"start":{"line":22,"column":8},"end":{"line":22,"column":48}},"16":{"start":{"line":24,"column":8},"end":{"line":24,"column":60}},"17":{"start":{"line":25,"column":8},"end":{"line":25,"column":81}},"18":{"start":{"line":19,"column":13},"end":{"line":19,"column":32}},"19":{"start":{"line":29,"column":34},"end":{"line":41,"column":1}},"20":{"start":{"line":30,"column":23},"end":{"line":30,"column":33}},"21":{"start":{"line":31,"column":4},"end":{"line":40,"column":null}},"22":{"start":{"line":32,"column":27},"end":{"line":32,"column":64}},"23":{"start":{"line":33,"column":8},"end":{"line":35,"column":null}},"24":{"start":{"line":34,"column":12},"end":{"line":34,"column":81}},"25":{"start":{"line":36,"column":8},"end":{"line":36,"column":48}},"26":{"start":{"line":38,"column":8},"end":{"line":38,"column":58}},"27":{"start":{"line":39,"column":8},"end":{"line":39,"column":79}},"28":{"start":{"line":29,"column":13},"end":{"line":29,"column":34}},"29":{"start":{"line":43,"column":31},"end":{"line":52,"column":1}},"30":{"start":{"line":44,"column":4},"end":{"line":51,"column":null}},"31":{"start":{"line":45,"column":26},"end":{"line":45,"column":54}},"32":{"start":{"line":46,"column":8},"end":{"line":46,"column":25}},"33":{"start":{"line":47,"column":8},"end":{"line":47,"column":47}},"34":{"start":{"line":49,"column":8},"end":{"line":49,"column":57}},"35":{"start":{"line":50,"column":8},"end":{"line":50,"column":78}},"36":{"start":{"line":43,"column":13},"end":{"line":43,"column":31}},"37":{"start":{"line":54,"column":31},"end":{"line":64,"column":1}},"38":{"start":{"line":55,"column":4},"end":{"line":63,"column":null}},"39":{"start":{"line":56,"column":32},"end":{"line":56,"column":42}},"40":{"start":{"line":57,"column":26},"end":{"line":57,"column":54}},"41":{"start":{"line":58,"column":8},"end":{"line":58,"column":74}},"42":{"start":{"line":59,"column":8},"end":{"line":59,"column":47}},"43":{"start":{"line":61,"column":8},"end":{"line":61,"column":61}},"44":{"start":{"line":62,"column":8},"end":{"line":62,"column":82}},"45":{"start":{"line":54,"column":13},"end":{"line":54,"column":31}},"46":{"start":{"line":66,"column":31},"end":{"line":75,"column":1}},"47":{"start":{"line":67,"column":4},"end":{"line":74,"column":null}},"48":{"start":{"line":68,"column":32},"end":{"line":68,"column":42}},"49":{"start":{"line":69,"column":8},"end":{"line":69,"column":63}},"50":{"start":{"line":70,"column":8},"end":{"line":70,"column":83}},"51":{"start":{"line":72,"column":8},"end":{"line":72,"column":59}},"52":{"start":{"line":73,"column":8},"end":{"line":73,"column":80}},"53":{"start":{"line":66,"column":13},"end":{"line":66,"column":31}}},"fnMap":{"0":{"name":"(anonymous_1)","decl":{"start":{"line":5,"column":32},"end":{"line":5,"column":37}},"loc":{"start":{"line":5,"column":70},"end":{"line":17,"column":5}}},"1":{"name":"(anonymous_2)","decl":{"start":{"line":19,"column":32},"end":{"line":19,"column":37}},"loc":{"start":{"line":19,"column":70},"end":{"line":27,"column":1}}},"2":{"name":"(anonymous_3)","decl":{"start":{"line":29,"column":34},"end":{"line":29,"column":39}},"loc":{"start":{"line":29,"column":72},"end":{"line":41,"column":1}}},"3":{"name":"(anonymous_4)","decl":{"start":{"line":43,"column":31},"end":{"line":43,"column":32}},"loc":{"start":{"line":43,"column":63},"end":{"line":52,"column":1}}},"4":{"name":"(anonymous_5)","decl":{"start":{"line":54,"column":31},"end":{"line":54,"column":36}},"loc":{"start":{"line":54,"column":69},"end":{"line":64,"column":1}}},"5":{"name":"(anonymous_6)","decl":{"start":{"line":66,"column":31},"end":{"line":66,"column":36}},"loc":{"start":{"line":66,"column":69},"end":{"line":75,"column":1}}}},"branchMap":{"0":{"loc":{"start":{"line":9,"column":8},"end":{"line":11,"column":null}},"type":"if","locations":[{"start":{"line":9,"column":8},"end":{"line":11,"column":null}}]},"1":{"loc":{"start":{"line":33,"column":8},"end":{"line":35,"column":null}},"type":"if","locations":[{"start":{"line":33,"column":8},"end":{"line":35,"column":null}}]}},"s":{"0":1,"1":1,"2":1,"3":0,"4":0,"5":0,"6":0,"7":0,"8":0,"9":0,"10":0,"11":1,"12":1,"13":0,"14":0,"15":0,"16":0,"17":0,"18":1,"19":1,"20":0,"21":0,"22":0,"23":0,"24":0,"25":0,"26":0,"27":0,"28":1,"29":1,"30":0,"31":0,"32":0,"33":0,"34":0,"35":0,"36":1,"37":1,"38":0,"39":0,"40":0,"41":0,"42":0,"43":0,"44":0,"45":1,"46":1,"47":0,"48":0,"49":0,"50":0,"51":0,"52":0,"53":1},"f":{"0":0,"1":0,"2":0,"3":0,"4":0,"5":0},"b":{"0":[0],"1":[0]}}
,"C:\\Users\\Bidetti\\Documents\\Workspace\\smarthire-back\\src\\controllers\\prestadorController.ts": {"path":"C:\\Users\\Bidetti\\Documents\\Workspace\\smarthire-back\\src\\controllers\\prestadorController.ts","statementMap":{"0":{"start":{"line":2,"column":0},"end":{"line":2,"column":54}},"1":{"start":{"line":3,"column":0},"end":{"line":3,"column":38}},"2":{"start":{"line":5,"column":32},"end":{"line":17,"column":1}},"3":{"start":{"line":6,"column":21},"end":{"line":6,"column":31}},"4":{"start":{"line":7,"column":2},"end":{"line":16,"column":null}},"5":{"start":{"line":8,"column":22},"end":{"line":8,"column":62}},"6":{"start":{"line":9,"column":4},"end":{"line":11,"column":null}},"7":{"start":{"line":10,"column":6},"end":{"line":10,"column":75}},"8":{"start":{"line":12,"column":4},"end":{"line":12,"column":43}},"9":{"start":{"line":14,"column":4},"end":{"line":14,"column":54}},"10":{"start":{"line":15,"column":4},"end":{"line":15,"column":75}},"11":{"start":{"line":5,"column":13},"end":{"line":5,"column":32}},"12":{"start":{"line":19,"column":41},"end":{"line":28,"column":1}},"13":{"start":{"line":20,"column":24},"end":{"line":20,"column":34}},"14":{"start":{"line":21,"column":2},"end":{"line":27,"column":null}},"15":{"start":{"line":22,"column":24},"end":{"line":22,"column":64}},"16":{"start":{"line":23,"column":4},"end":{"line":23,"column":45}},"17":{"start":{"line":25,"column":4},"end":{"line":25,"column":68}},"18":{"start":{"line":26,"column":4},"end":{"line":26,"column":89}},"19":{"start":{"line":19,"column":13},"end":{"line":19,"column":41}},"20":{"start":{"line":30,"column":33},"end":{"line":38,"column":1}},"21":{"start":{"line":31,"column":2},"end":{"line":37,"column":null}},"22":{"start":{"line":32,"column":24},"end":{"line":32,"column":51}},"23":{"start":{"line":33,"column":4},"end":{"line":33,"column":45}},"24":{"start":{"line":35,"column":4},"end":{"line":35,"column":57}},"25":{"start":{"line":36,"column":4},"end":{"line":36,"column":78}},"26":{"start":{"line":30,"column":13},"end":{"line":30,"column":33}},"27":{"start":{"line":40,"column":31},"end":{"line":49,"column":1}},"28":{"start":{"line":41,"column":2},"end":{"line":48,"column":null}},"29":{"start":{"line":42,"column":22},"end":{"line":42,"column":50}},"30":{"start":{"line":43,"column":4},"end":{"line":43,"column":21}},"31":{"start":{"line":44,"column":4},"end":{"line":44,"column":43}},"32":{"start":{"line":46,"column":4},"end":{"line":46,"column":53}},"33":{"start":{"line":47,"column":4},"end":{"line":47,"column":74}},"34":{"start":{"line":40,"column":13},"end":{"line":40,"column":31}},"35":{"start":{"line":51,"column":31},"end":{"line":61,"column":1}},"36":{"start":{"line":52,"column":2},"end":{"line":60,"column":null}},"37":{"start":{"line":53,"column":23},"end":{"line":53,"column":33}},"38":{"start":{"line":54,"column":22},"end":{"line":54,"column":50}},"39":{"start":{"line":55,"column":4},"end":{"line":55,"column":59}},"40":{"start":{"line":56,"column":4},"end":{"line":56,"column":43}},"41":{"start":{"line":58,"column":4},"end":{"line":58,"column":57}},"42":{"start":{"line":59,"column":4},"end":{"line":59,"column":78}},"43":{"start":{"line":51,"column":13},"end":{"line":51,"column":31}},"44":{"start":{"line":63,"column":31},"end":{"line":72,"column":1}},"45":{"start":{"line":64,"column":2},"end":{"line":71,"column":null}},"46":{"start":{"line":65,"column":23},"end":{"line":65,"column":33}},"47":{"start":{"line":66,"column":4},"end":{"line":66,"column":48}},"48":{"start":{"line":67,"column":4},"end":{"line":67,"column":79}},"49":{"start":{"line":69,"column":4},"end":{"line":69,"column":55}},"50":{"start":{"line":70,"column":4},"end":{"line":70,"column":76}},"51":{"start":{"line":63,"column":13},"end":{"line":63,"column":31}}},"fnMap":{"0":{"name":"(anonymous_1)","decl":{"start":{"line":5,"column":32},"end":{"line":5,"column":37}},"loc":{"start":{"line":5,"column":70},"end":{"line":17,"column":1}}},"1":{"name":"(anonymous_2)","decl":{"start":{"line":19,"column":41},"end":{"line":19,"column":46}},"loc":{"start":{"line":19,"column":79},"end":{"line":28,"column":1}}},"2":{"name":"(anonymous_3)","decl":{"start":{"line":30,"column":33},"end":{"line":30,"column":38}},"loc":{"start":{"line":30,"column":71},"end":{"line":38,"column":1}}},"3":{"name":"(anonymous_4)","decl":{"start":{"line":40,"column":31},"end":{"line":40,"column":32}},"loc":{"start":{"line":40,"column":63},"end":{"line":49,"column":1}}},"4":{"name":"(anonymous_5)","decl":{"start":{"line":51,"column":31},"end":{"line":51,"column":32}},"loc":{"start":{"line":51,"column":63},"end":{"line":61,"column":1}}},"5":{"name":"(anonymous_6)","decl":{"start":{"line":63,"column":31},"end":{"line":63,"column":32}},"loc":{"start":{"line":63,"column":63},"end":{"line":72,"column":1}}}},"branchMap":{"0":{"loc":{"start":{"line":9,"column":4},"end":{"line":11,"column":null}},"type":"if","locations":[{"start":{"line":9,"column":4},"end":{"line":11,"column":null}}]}},"s":{"0":1,"1":1,"2":1,"3":0,"4":0,"5":0,"6":0,"7":0,"8":0,"9":0,"10":0,"11":1,"12":1,"13":0,"14":0,"15":0,"16":0,"17":0,"18":0,"19":1,"20":1,"21":0,"22":0,"23":0,"24":0,"25":0,"26":1,"27":1,"28":0,"29":0,"30":0,"31":0,"32":0,"33":0,"34":1,"35":1,"36":0,"37":0,"38":0,"39":0,"40":0,"41":0,"42":0,"43":1,"44":1,"45":0,"46":0,"47":0,"48":0,"49":0,"50":0,"51":1},"f":{"0":0,"1":0,"2":0,"3":0,"4":0,"5":0},"b":{"0":[0]}}
,"C:\\Users\\Bidetti\\Documents\\Workspace\\smarthire-back\\src\\controllers\\propostaController.ts": {"path":"C:\\Users\\Bidetti\\Documents\\Workspace\\smarthire-back\\src\\controllers\\propostaController.ts","statementMap":{"0":{"start":{"line":2,"column":0},"end":{"line":2,"column":52}},"1":{"start":{"line":3,"column":0},"end":{"line":3,"column":38}},"2":{"start":{"line":6,"column":31},"end":{"line":18,"column":1}},"3":{"start":{"line":7,"column":27},"end":{"line":7,"column":37}},"4":{"start":{"line":8,"column":4},"end":{"line":17,"column":null}},"5":{"start":{"line":9,"column":25},"end":{"line":9,"column":68}},"6":{"start":{"line":10,"column":8},"end":{"line":12,"column":null}},"7":{"start":{"line":11,"column":12},"end":{"line":11,"column":80}},"8":{"start":{"line":13,"column":8},"end":{"line":13,"column":46}},"9":{"start":{"line":15,"column":8},"end":{"line":15,"column":57}},"10":{"start":{"line":16,"column":8},"end":{"line":16,"column":78}},"11":{"start":{"line":6,"column":13},"end":{"line":6,"column":31}},"12":{"start":{"line":20,"column":31},"end":{"line":28,"column":1}},"13":{"start":{"line":21,"column":4},"end":{"line":27,"column":null}},"14":{"start":{"line":22,"column":26},"end":{"line":22,"column":52}},"15":{"start":{"line":23,"column":8},"end":{"line":23,"column":47}},"16":{"start":{"line":25,"column":8},"end":{"line":25,"column":59}},"17":{"start":{"line":26,"column":8},"end":{"line":26,"column":80}},"18":{"start":{"line":20,"column":13},"end":{"line":20,"column":31}},"19":{"start":{"line":30,"column":33},"end":{"line":42,"column":1}},"20":{"start":{"line":31,"column":23},"end":{"line":31,"column":33}},"21":{"start":{"line":32,"column":4},"end":{"line":41,"column":null}},"22":{"start":{"line":33,"column":26},"end":{"line":33,"column":62}},"23":{"start":{"line":34,"column":8},"end":{"line":36,"column":null}},"24":{"start":{"line":35,"column":12},"end":{"line":35,"column":80}},"25":{"start":{"line":37,"column":8},"end":{"line":37,"column":47}},"26":{"start":{"line":39,"column":8},"end":{"line":39,"column":57}},"27":{"start":{"line":40,"column":8},"end":{"line":40,"column":78}},"28":{"start":{"line":30,"column":13},"end":{"line":30,"column":33}},"29":{"start":{"line":44,"column":30},"end":{"line":53,"column":1}},"30":{"start":{"line":45,"column":4},"end":{"line":52,"column":null}},"31":{"start":{"line":46,"column":25},"end":{"line":46,"column":52}},"32":{"start":{"line":47,"column":8},"end":{"line":47,"column":24}},"33":{"start":{"line":48,"column":8},"end":{"line":48,"column":46}},"34":{"start":{"line":50,"column":8},"end":{"line":50,"column":56}},"35":{"start":{"line":51,"column":8},"end":{"line":51,"column":77}},"36":{"start":{"line":44,"column":13},"end":{"line":44,"column":30}},"37":{"start":{"line":55,"column":30},"end":{"line":65,"column":1}},"38":{"start":{"line":56,"column":4},"end":{"line":64,"column":null}},"39":{"start":{"line":57,"column":31},"end":{"line":57,"column":41}},"40":{"start":{"line":58,"column":25},"end":{"line":58,"column":52}},"41":{"start":{"line":59,"column":8},"end":{"line":59,"column":71}},"42":{"start":{"line":60,"column":8},"end":{"line":60,"column":46}},"43":{"start":{"line":62,"column":8},"end":{"line":62,"column":60}},"44":{"start":{"line":63,"column":8},"end":{"line":63,"column":81}},"45":{"start":{"line":55,"column":13},"end":{"line":55,"column":30}},"46":{"start":{"line":67,"column":30},"end":{"line":76,"column":1}},"47":{"start":{"line":68,"column":4},"end":{"line":75,"column":null}},"48":{"start":{"line":69,"column":31},"end":{"line":69,"column":41}},"49":{"start":{"line":70,"column":8},"end":{"line":70,"column":61}},"50":{"start":{"line":71,"column":8},"end":{"line":71,"column":82}},"51":{"start":{"line":73,"column":8},"end":{"line":73,"column":58}},"52":{"start":{"line":74,"column":8},"end":{"line":74,"column":79}},"53":{"start":{"line":67,"column":13},"end":{"line":67,"column":30}}},"fnMap":{"0":{"name":"(anonymous_1)","decl":{"start":{"line":6,"column":31},"end":{"line":6,"column":36}},"loc":{"start":{"line":6,"column":69},"end":{"line":18,"column":1}}},"1":{"name":"(anonymous_2)","decl":{"start":{"line":20,"column":31},"end":{"line":20,"column":36}},"loc":{"start":{"line":20,"column":69},"end":{"line":28,"column":1}}},"2":{"name":"(anonymous_3)","decl":{"start":{"line":30,"column":33},"end":{"line":30,"column":38}},"loc":{"start":{"line":30,"column":71},"end":{"line":42,"column":1}}},"3":{"name":"(anonymous_4)","decl":{"start":{"line":44,"column":30},"end":{"line":44,"column":31}},"loc":{"start":{"line":44,"column":62},"end":{"line":53,"column":1}}},"4":{"name":"(anonymous_5)","decl":{"start":{"line":55,"column":30},"end":{"line":55,"column":35}},"loc":{"start":{"line":55,"column":68},"end":{"line":65,"column":1}}},"5":{"name":"(anonymous_6)","decl":{"start":{"line":67,"column":30},"end":{"line":67,"column":35}},"loc":{"start":{"line":67,"column":68},"end":{"line":76,"column":1}}}},"branchMap":{"0":{"loc":{"start":{"line":10,"column":8},"end":{"line":12,"column":null}},"type":"if","locations":[{"start":{"line":10,"column":8},"end":{"line":12,"column":null}}]},"1":{"loc":{"start":{"line":34,"column":8},"end":{"line":36,"column":null}},"type":"if","locations":[{"start":{"line":34,"column":8},"end":{"line":36,"column":null}}]}},"s":{"0":1,"1":1,"2":1,"3":0,"4":0,"5":0,"6":0,"7":0,"8":0,"9":0,"10":0,"11":1,"12":1,"13":0,"14":0,"15":0,"16":0,"17":0,"18":1,"19":1,"20":0,"21":0,"22":0,"23":0,"24":0,"25":0,"26":0,"27":0,"28":1,"29":1,"30":0,"31":0,"32":0,"33":0,"34":0,"35":0,"36":1,"37":1,"38":0,"39":0,"40":0,"41":0,"42":0,"43":0,"44":0,"45":1,"46":1,"47":0,"48":0,"49":0,"50":0,"51":0,"52":0,"53":1},"f":{"0":0,"1":0,"2":0,"3":0,"4":0,"5":0},"b":{"0":[0],"1":[0]}}
,"C:\\Users\\Bidetti\\Documents\\Workspace\\smarthire-back\\src\\controllers\\registroController.ts": {"path":"C:\\Users\\Bidetti\\Documents\\Workspace\\smarthire-back\\src\\controllers\\registroController.ts","statementMap":{"0":{"start":{"line":2,"column":0},"end":{"line":2,"column":52}},"1":{"start":{"line":3,"column":0},"end":{"line":3,"column":38}},"2":{"start":{"line":5,"column":31},"end":{"line":18,"column":1}},"3":{"start":{"line":6,"column":27},"end":{"line":6,"column":37}},"4":{"start":{"line":7,"column":4},"end":{"line":17,"column":null}},"5":{"start":{"line":8,"column":25},"end":{"line":8,"column":68}},"6":{"start":{"line":9,"column":8},"end":{"line":12,"column":null}},"7":{"start":{"line":10,"column":12},"end":{"line":10,"column":66}},"8":{"start":{"line":11,"column":12},"end":{"line":11,"column":80}},"9":{"start":{"line":13,"column":8},"end":{"line":13,"column":46}},"10":{"start":{"line":15,"column":8},"end":{"line":15,"column":57}},"11":{"start":{"line":16,"column":8},"end":{"line":16,"column":78}},"12":{"start":{"line":5,"column":13},"end":{"line":5,"column":31}},"13":{"start":{"line":20,"column":31},"end":{"line":28,"column":1}},"14":{"start":{"line":21,"column":4},"end":{"line":27,"column":null}},"15":{"start":{"line":22,"column":26},"end":{"line":22,"column":52}},"16":{"start":{"line":23,"column":8},"end":{"line":23,"column":47}},"17":{"start":{"line":25,"column":8},"end":{"line":25,"column":59}},"18":{"start":{"line":26,"column":8},"end":{"line":26,"column":80}},"19":{"start":{"line":20,"column":13},"end":{"line":20,"column":31}},"20":{"start":{"line":30,"column":36},"end":{"line":43,"column":1}},"21":{"start":{"line":31,"column":26},"end":{"line":31,"column":36}},"22":{"start":{"line":32,"column":4},"end":{"line":42,"column":null}},"23":{"start":{"line":33,"column":26},"end":{"line":33,"column":65}},"24":{"start":{"line":34,"column":8},"end":{"line":37,"column":null}},"25":{"start":{"line":35,"column":12},"end":{"line":35,"column":65}},"26":{"start":{"line":36,"column":12},"end":{"line":36,"column":80}},"27":{"start":{"line":38,"column":8},"end":{"line":38,"column":47}},"28":{"start":{"line":40,"column":8},"end":{"line":40,"column":57}},"29":{"start":{"line":41,"column":8},"end":{"line":41,"column":78}},"30":{"start":{"line":30,"column":13},"end":{"line":30,"column":36}},"31":{"start":{"line":45,"column":30},"end":{"line":55,"column":1}},"32":{"start":{"line":46,"column":4},"end":{"line":54,"column":null}},"33":{"start":{"line":47,"column":25},"end":{"line":47,"column":52}},"34":{"start":{"line":48,"column":8},"end":{"line":48,"column":24}},"35":{"start":{"line":49,"column":8},"end":{"line":49,"column":67}},"36":{"start":{"line":50,"column":8},"end":{"line":50,"column":46}},"37":{"start":{"line":52,"column":8},"end":{"line":52,"column":56}},"38":{"start":{"line":53,"column":8},"end":{"line":53,"column":77}},"39":{"start":{"line":45,"column":13},"end":{"line":45,"column":30}},"40":{"start":{"line":57,"column":30},"end":{"line":68,"column":1}},"41":{"start":{"line":58,"column":4},"end":{"line":67,"column":null}},"42":{"start":{"line":59,"column":31},"end":{"line":59,"column":41}},"43":{"start":{"line":60,"column":25},"end":{"line":60,"column":52}},"44":{"start":{"line":61,"column":8},"end":{"line":61,"column":71}},"45":{"start":{"line":62,"column":8},"end":{"line":62,"column":69}},"46":{"start":{"line":63,"column":8},"end":{"line":63,"column":46}},"47":{"start":{"line":65,"column":8},"end":{"line":65,"column":60}},"48":{"start":{"line":66,"column":8},"end":{"line":66,"column":81}},"49":{"start":{"line":57,"column":13},"end":{"line":57,"column":30}},"50":{"start":{"line":70,"column":30},"end":{"line":80,"column":1}},"51":{"start":{"line":71,"column":4},"end":{"line":79,"column":null}},"52":{"start":{"line":72,"column":31},"end":{"line":72,"column":41}},"53":{"start":{"line":73,"column":8},"end":{"line":73,"column":55}},"54":{"start":{"line":74,"column":8},"end":{"line":74,"column":67}},"55":{"start":{"line":75,"column":8},"end":{"line":75,"column":82}},"56":{"start":{"line":77,"column":8},"end":{"line":77,"column":58}},"57":{"start":{"line":78,"column":8},"end":{"line":78,"column":79}},"58":{"start":{"line":70,"column":13},"end":{"line":70,"column":30}}},"fnMap":{"0":{"name":"(anonymous_1)","decl":{"start":{"line":5,"column":31},"end":{"line":5,"column":36}},"loc":{"start":{"line":5,"column":69},"end":{"line":18,"column":1}}},"1":{"name":"(anonymous_2)","decl":{"start":{"line":20,"column":31},"end":{"line":20,"column":36}},"loc":{"start":{"line":20,"column":69},"end":{"line":28,"column":1}}},"2":{"name":"(anonymous_3)","decl":{"start":{"line":30,"column":36},"end":{"line":30,"column":41}},"loc":{"start":{"line":30,"column":74},"end":{"line":43,"column":1}}},"3":{"name":"(anonymous_4)","decl":{"start":{"line":45,"column":30},"end":{"line":45,"column":31}},"loc":{"start":{"line":45,"column":62},"end":{"line":55,"column":1}}},"4":{"name":"(anonymous_5)","decl":{"start":{"line":57,"column":30},"end":{"line":57,"column":35}},"loc":{"start":{"line":57,"column":68},"end":{"line":68,"column":1}}},"5":{"name":"(anonymous_6)","decl":{"start":{"line":70,"column":30},"end":{"line":70,"column":35}},"loc":{"start":{"line":70,"column":68},"end":{"line":80,"column":1}}}},"branchMap":{"0":{"loc":{"start":{"line":9,"column":8},"end":{"line":12,"column":null}},"type":"if","locations":[{"start":{"line":9,"column":8},"end":{"line":12,"column":null}}]},"1":{"loc":{"start":{"line":34,"column":8},"end":{"line":37,"column":null}},"type":"if","locations":[{"start":{"line":34,"column":8},"end":{"line":37,"column":null}}]}},"s":{"0":1,"1":1,"2":1,"3":0,"4":0,"5":0,"6":0,"7":0,"8":0,"9":0,"10":0,"11":0,"12":1,"13":1,"14":0,"15":0,"16":0,"17":0,"18":0,"19":1,"20":1,"21":0,"22":0,"23":0,"24":0,"25":0,"26":0,"27":0,"28":0,"29":0,"30":1,"31":1,"32":0,"33":0,"34":0,"35":0,"36":0,"37":0,"38":0,"39":1,"40":1,"41":0,"42":0,"43":0,"44":0,"45":0,"46":0,"47":0,"48":0,"49":1,"50":1,"51":0,"52":0,"53":0,"54":0,"55":0,"56":0,"57":0,"58":1},"f":{"0":0,"1":0,"2":0,"3":0,"4":0,"5":0},"b":{"0":[0],"1":[0]}}
,"C:\\Users\\Bidetti\\Documents\\Workspace\\smarthire-back\\src\\controllers\\servicoController.ts": {"path":"C:\\Users\\Bidetti\\Documents\\Workspace\\smarthire-back\\src\\controllers\\servicoController.ts","statementMap":{"0":{"start":{"line":2,"column":0},"end":{"line":2,"column":50}},"1":{"start":{"line":3,"column":0},"end":{"line":3,"column":38}},"2":{"start":{"line":5,"column":30},"end":{"line":18,"column":1}},"3":{"start":{"line":6,"column":26},"end":{"line":6,"column":36}},"4":{"start":{"line":7,"column":4},"end":{"line":17,"column":null}},"5":{"start":{"line":8,"column":24},"end":{"line":8,"column":65}},"6":{"start":{"line":9,"column":8},"end":{"line":12,"column":null}},"7":{"start":{"line":10,"column":12},"end":{"line":10,"column":64}},"8":{"start":{"line":11,"column":12},"end":{"line":11,"column":79}},"9":{"start":{"line":13,"column":8},"end":{"line":13,"column":45}},"10":{"start":{"line":15,"column":8},"end":{"line":15,"column":56}},"11":{"start":{"line":16,"column":8},"end":{"line":16,"column":77}},"12":{"start":{"line":5,"column":13},"end":{"line":5,"column":30}},"13":{"start":{"line":20,"column":30},"end":{"line":28,"column":1}},"14":{"start":{"line":21,"column":4},"end":{"line":27,"column":null}},"15":{"start":{"line":22,"column":25},"end":{"line":22,"column":50}},"16":{"start":{"line":23,"column":8},"end":{"line":23,"column":46}},"17":{"start":{"line":25,"column":8},"end":{"line":25,"column":58}},"18":{"start":{"line":26,"column":8},"end":{"line":26,"column":79}},"19":{"start":{"line":20,"column":13},"end":{"line":20,"column":30}},"20":{"start":{"line":30,"column":32},"end":{"line":43,"column":1}},"21":{"start":{"line":31,"column":23},"end":{"line":31,"column":33}},"22":{"start":{"line":32,"column":4},"end":{"line":42,"column":null}},"23":{"start":{"line":33,"column":25},"end":{"line":33,"column":60}},"24":{"start":{"line":34,"column":8},"end":{"line":37,"column":null}},"25":{"start":{"line":35,"column":12},"end":{"line":35,"column":74}},"26":{"start":{"line":36,"column":12},"end":{"line":36,"column":79}},"27":{"start":{"line":38,"column":8},"end":{"line":38,"column":46}},"28":{"start":{"line":40,"column":8},"end":{"line":40,"column":56}},"29":{"start":{"line":41,"column":8},"end":{"line":41,"column":77}},"30":{"start":{"line":30,"column":13},"end":{"line":30,"column":32}},"31":{"start":{"line":44,"column":37},"end":{"line":57,"column":1}},"32":{"start":{"line":45,"column":26},"end":{"line":45,"column":36}},"33":{"start":{"line":46,"column":4},"end":{"line":56,"column":null}},"34":{"start":{"line":47,"column":25},"end":{"line":47,"column":63}},"35":{"start":{"line":48,"column":8},"end":{"line":51,"column":null}},"36":{"start":{"line":49,"column":12},"end":{"line":49,"column":69}},"37":{"start":{"line":50,"column":12},"end":{"line":50,"column":79}},"38":{"start":{"line":52,"column":8},"end":{"line":52,"column":46}},"39":{"start":{"line":54,"column":8},"end":{"line":54,"column":56}},"40":{"start":{"line":55,"column":8},"end":{"line":55,"column":77}},"41":{"start":{"line":44,"column":13},"end":{"line":44,"column":37}},"42":{"start":{"line":59,"column":29},"end":{"line":69,"column":1}},"43":{"start":{"line":60,"column":4},"end":{"line":68,"column":null}},"44":{"start":{"line":61,"column":24},"end":{"line":61,"column":50}},"45":{"start":{"line":62,"column":8},"end":{"line":62,"column":23}},"46":{"start":{"line":63,"column":8},"end":{"line":63,"column":65}},"47":{"start":{"line":64,"column":8},"end":{"line":64,"column":45}},"48":{"start":{"line":66,"column":8},"end":{"line":66,"column":55}},"49":{"start":{"line":67,"column":8},"end":{"line":67,"column":76}},"50":{"start":{"line":59,"column":13},"end":{"line":59,"column":29}},"51":{"start":{"line":71,"column":29},"end":{"line":82,"column":1}},"52":{"start":{"line":72,"column":4},"end":{"line":81,"column":null}},"53":{"start":{"line":73,"column":30},"end":{"line":73,"column":40}},"54":{"start":{"line":74,"column":24},"end":{"line":74,"column":50}},"55":{"start":{"line":75,"column":8},"end":{"line":75,"column":62}},"56":{"start":{"line":76,"column":8},"end":{"line":76,"column":67}},"57":{"start":{"line":77,"column":8},"end":{"line":77,"column":45}},"58":{"start":{"line":79,"column":8},"end":{"line":79,"column":59}},"59":{"start":{"line":80,"column":8},"end":{"line":80,"column":80}},"60":{"start":{"line":71,"column":13},"end":{"line":71,"column":29}},"61":{"start":{"line":84,"column":29},"end":{"line":94,"column":1}},"62":{"start":{"line":85,"column":4},"end":{"line":93,"column":null}},"63":{"start":{"line":86,"column":30},"end":{"line":86,"column":40}},"64":{"start":{"line":87,"column":8},"end":{"line":87,"column":53}},"65":{"start":{"line":88,"column":8},"end":{"line":88,"column":65}},"66":{"start":{"line":89,"column":8},"end":{"line":89,"column":81}},"67":{"start":{"line":91,"column":8},"end":{"line":91,"column":57}},"68":{"start":{"line":92,"column":8},"end":{"line":92,"column":78}},"69":{"start":{"line":84,"column":13},"end":{"line":84,"column":29}}},"fnMap":{"0":{"name":"(anonymous_1)","decl":{"start":{"line":5,"column":30},"end":{"line":5,"column":35}},"loc":{"start":{"line":5,"column":68},"end":{"line":18,"column":1}}},"1":{"name":"(anonymous_2)","decl":{"start":{"line":20,"column":30},"end":{"line":20,"column":35}},"loc":{"start":{"line":20,"column":68},"end":{"line":28,"column":1}}},"2":{"name":"(anonymous_3)","decl":{"start":{"line":30,"column":32},"end":{"line":30,"column":37}},"loc":{"start":{"line":30,"column":70},"end":{"line":43,"column":1}}},"3":{"name":"(anonymous_4)","decl":{"start":{"line":44,"column":37},"end":{"line":44,"column":42}},"loc":{"start":{"line":44,"column":75},"end":{"line":57,"column":1}}},"4":{"name":"(anonymous_5)","decl":{"start":{"line":59,"column":29},"end":{"line":59,"column":30}},"loc":{"start":{"line":59,"column":61},"end":{"line":69,"column":1}}},"5":{"name":"(anonymous_6)","decl":{"start":{"line":71,"column":29},"end":{"line":71,"column":30}},"loc":{"start":{"line":71,"column":61},"end":{"line":82,"column":1}}},"6":{"name":"(anonymous_7)","decl":{"start":{"line":84,"column":29},"end":{"line":84,"column":30}},"loc":{"start":{"line":84,"column":61},"end":{"line":94,"column":1}}}},"branchMap":{"0":{"loc":{"start":{"line":9,"column":8},"end":{"line":12,"column":null}},"type":"if","locations":[{"start":{"line":9,"column":8},"end":{"line":12,"column":null}}]},"1":{"loc":{"start":{"line":34,"column":8},"end":{"line":37,"column":null}},"type":"if","locations":[{"start":{"line":34,"column":8},"end":{"line":37,"column":null}}]},"2":{"loc":{"start":{"line":48,"column":8},"end":{"line":51,"column":null}},"type":"if","locations":[{"start":{"line":48,"column":8},"end":{"line":51,"column":null}}]}},"s":{"0":1,"1":1,"2":1,"3":0,"4":0,"5":0,"6":0,"7":0,"8":0,"9":0,"10":0,"11":0,"12":1,"13":1,"14":0,"15":0,"16":0,"17":0,"18":0,"19":1,"20":1,"21":0,"22":0,"23":0,"24":0,"25":0,"26":0,"27":0,"28":0,"29":0,"30":1,"31":1,"32":0,"33":0,"34":0,"35":0,"36":0,"37":0,"38":0,"39":0,"40":0,"41":1,"42":1,"43":0,"44":0,"45":0,"46":0,"47":0,"48":0,"49":0,"50":1,"51":1,"52":0,"53":0,"54":0,"55":0,"56":0,"57":0,"58":0,"59":0,"60":1,"61":1,"62":0,"63":0,"64":0,"65":0,"66":0,"67":0,"68":0,"69":1},"f":{"0":0,"1":0,"2":0,"3":0,"4":0,"5":0,"6":0},"b":{"0":[0],"1":[0],"2":[0]}}
,"C:\\Users\\Bidetti\\Documents\\Workspace\\smarthire-back\\src\\controllers\\userController.ts": {"path":"C:\\Users\\Bidetti\\Documents\\Workspace\\smarthire-back\\src\\controllers\\userController.ts","statementMap":{"0":{"start":{"line":2,"column":0},"end":{"line":2,"column":44}},"1":{"start":{"line":3,"column":0},"end":{"line":3,"column":28}},"2":{"start":{"line":4,"column":0},"end":{"line":4,"column":38}},"3":{"start":{"line":6,"column":27},"end":{"line":19,"column":1}},"4":{"start":{"line":7,"column":21},"end":{"line":7,"column":31}},"5":{"start":{"line":8,"column":2},"end":{"line":18,"column":null}},"6":{"start":{"line":9,"column":17},"end":{"line":9,"column":73}},"7":{"start":{"line":10,"column":4},"end":{"line":13,"column":null}},"8":{"start":{"line":11,"column":6},"end":{"line":11,"column":55}},"9":{"start":{"line":12,"column":6},"end":{"line":12,"column":73}},"10":{"start":{"line":14,"column":4},"end":{"line":14,"column":38}},"11":{"start":{"line":16,"column":4},"end":{"line":16,"column":52}},"12":{"start":{"line":17,"column":4},"end":{"line":17,"column":73}},"13":{"start":{"line":6,"column":13},"end":{"line":6,"column":27}},"14":{"start":{"line":21,"column":30},"end":{"line":34,"column":1}},"15":{"start":{"line":22,"column":20},"end":{"line":22,"column":30}},"16":{"start":{"line":23,"column":2},"end":{"line":33,"column":null}},"17":{"start":{"line":24,"column":17},"end":{"line":24,"column":78}},"18":{"start":{"line":25,"column":4},"end":{"line":28,"column":null}},"19":{"start":{"line":26,"column":6},"end":{"line":26,"column":54}},"20":{"start":{"line":27,"column":6},"end":{"line":27,"column":73}},"21":{"start":{"line":29,"column":4},"end":{"line":29,"column":38}},"22":{"start":{"line":31,"column":4},"end":{"line":31,"column":52}},"23":{"start":{"line":32,"column":4},"end":{"line":32,"column":73}},"24":{"start":{"line":21,"column":13},"end":{"line":21,"column":30}},"25":{"start":{"line":37,"column":27},"end":{"line":45,"column":1}},"26":{"start":{"line":38,"column":2},"end":{"line":44,"column":null}},"27":{"start":{"line":39,"column":18},"end":{"line":39,"column":60}},"28":{"start":{"line":40,"column":4},"end":{"line":40,"column":39}},"29":{"start":{"line":42,"column":4},"end":{"line":42,"column":54}},"30":{"start":{"line":43,"column":4},"end":{"line":43,"column":75}},"31":{"start":{"line":37,"column":13},"end":{"line":37,"column":27}},"32":{"start":{"line":48,"column":26},"end":{"line":65,"column":1}},"33":{"start":{"line":49,"column":2},"end":{"line":64,"column":null}},"34":{"start":{"line":50,"column":17},"end":{"line":50,"column":25}},"35":{"start":{"line":51,"column":4},"end":{"line":51,"column":49}},"36":{"start":{"line":52,"column":20},"end":{"line":52,"column":39}},"37":{"start":{"line":53,"column":4},"end":{"line":53,"column":25}},"38":{"start":{"line":54,"column":23},"end":{"line":54,"column":41}},"39":{"start":{"line":55,"column":4},"end":{"line":55,"column":28}},"40":{"start":{"line":56,"column":4},"end":{"line":56,"column":64}},"41":{"start":{"line":57,"column":4},"end":{"line":57,"column":44}},"42":{"start":{"line":59,"column":4},"end":{"line":59,"column":51}},"43":{"start":{"line":60,"column":4},"end":{"line":62,"column":null}},"44":{"start":{"line":61,"column":6},"end":{"line":61,"column":85}},"45":{"start":{"line":63,"column":4},"end":{"line":63,"column":72}},"46":{"start":{"line":48,"column":13},"end":{"line":48,"column":26}},"47":{"start":{"line":67,"column":26},"end":{"line":78,"column":1}},"48":{"start":{"line":68,"column":2},"end":{"line":77,"column":null}},"49":{"start":{"line":69,"column":23},"end":{"line":69,"column":33}},"50":{"start":{"line":70,"column":17},"end":{"line":70,"column":40}},"51":{"start":{"line":71,"column":4},"end":{"line":71,"column":49}},"52":{"start":{"line":72,"column":4},"end":{"line":72,"column":60}},"53":{"start":{"line":73,"column":4},"end":{"line":73,"column":38}},"54":{"start":{"line":75,"column":4},"end":{"line":75,"column":55}},"55":{"start":{"line":76,"column":4},"end":{"line":76,"column":76}},"56":{"start":{"line":67,"column":13},"end":{"line":67,"column":26}},"57":{"start":{"line":80,"column":26},"end":{"line":90,"column":1}},"58":{"start":{"line":81,"column":2},"end":{"line":89,"column":null}},"59":{"start":{"line":82,"column":23},"end":{"line":82,"column":33}},"60":{"start":{"line":83,"column":4},"end":{"line":83,"column":43}},"61":{"start":{"line":84,"column":4},"end":{"line":84,"column":58}},"62":{"start":{"line":85,"column":4},"end":{"line":85,"column":77}},"63":{"start":{"line":87,"column":4},"end":{"line":87,"column":53}},"64":{"start":{"line":88,"column":4},"end":{"line":88,"column":74}},"65":{"start":{"line":80,"column":13},"end":{"line":80,"column":26}}},"fnMap":{"0":{"name":"(anonymous_1)","decl":{"start":{"line":6,"column":27},"end":{"line":6,"column":32}},"loc":{"start":{"line":6,"column":65},"end":{"line":19,"column":1}}},"1":{"name":"(anonymous_2)","decl":{"start":{"line":21,"column":30},"end":{"line":21,"column":35}},"loc":{"start":{"line":21,"column":68},"end":{"line":34,"column":1}}},"2":{"name":"(anonymous_3)","decl":{"start":{"line":37,"column":27},"end":{"line":37,"column":32}},"loc":{"start":{"line":37,"column":65},"end":{"line":45,"column":1}}},"3":{"name":"(anonymous_4)","decl":{"start":{"line":48,"column":26},"end":{"line":48,"column":31}},"loc":{"start":{"line":48,"column":64},"end":{"line":65,"column":1}}},"4":{"name":"(anonymous_5)","decl":{"start":{"line":67,"column":26},"end":{"line":67,"column":27}},"loc":{"start":{"line":67,"column":58},"end":{"line":78,"column":1}}},"5":{"name":"(anonymous_6)","decl":{"start":{"line":80,"column":26},"end":{"line":80,"column":27}},"loc":{"start":{"line":80,"column":58},"end":{"line":90,"column":1}}}},"branchMap":{"0":{"loc":{"start":{"line":10,"column":4},"end":{"line":13,"column":null}},"type":"if","locations":[{"start":{"line":10,"column":4},"end":{"line":13,"column":null}}]},"1":{"loc":{"start":{"line":25,"column":4},"end":{"line":28,"column":null}},"type":"if","locations":[{"start":{"line":25,"column":4},"end":{"line":28,"column":null}}]},"2":{"loc":{"start":{"line":60,"column":4},"end":{"line":62,"column":null}},"type":"if","locations":[{"start":{"line":60,"column":4},"end":{"line":62,"column":null}}]}},"s":{"0":1,"1":1,"2":1,"3":1,"4":0,"5":0,"6":0,"7":0,"8":0,"9":0,"10":0,"11":0,"12":0,"13":1,"14":1,"15":0,"16":0,"17":0,"18":0,"19":0,"20":0,"21":0,"22":0,"23":0,"24":1,"25":1,"26":0,"27":0,"28":0,"29":0,"30":0,"31":1,"32":1,"33":0,"34":0,"35":0,"36":0,"37":0,"38":0,"39":0,"40":0,"41":0,"42":0,"43":0,"44":0,"45":0,"46":1,"47":1,"48":0,"49":0,"50":0,"51":0,"52":0,"53":0,"54":0,"55":0,"56":1,"57":1,"58":0,"59":0,"60":0,"61":0,"62":0,"63":0,"64":0,"65":1},"f":{"0":0,"1":0,"2":0,"3":0,"4":0,"5":0},"b":{"0":[0],"1":[0],"2":[0]}}
,"C:\\Users\\Bidetti\\Documents\\Workspace\\smarthire-back\\src\\middleware\\securityMiddleware.ts": {"path":"C:\\Users\\Bidetti\\Documents\\Workspace\\smarthire-back\\src\\middleware\\securityMiddleware.ts","statementMap":{"0":{"start":{"line":2,"column":0},"end":{"line":2,"column":43}},"1":{"start":{"line":8,"column":32},"end":{"line":26,"column":1}},"2":{"start":{"line":9,"column":23},"end":{"line":9,"column":48}},"3":{"start":{"line":10,"column":4},"end":{"line":25,"column":null}},"4":{"start":{"line":11,"column":22},"end":{"line":11,"column":46}},"5":{"start":{"line":12,"column":8},"end":{"line":22,"column":null}},"6":{"start":{"line":13,"column":12},"end":{"line":19,"column":15}},"7":{"start":{"line":14,"column":16},"end":{"line":16,"column":null}},"8":{"start":{"line":15,"column":20},"end":{"line":15,"column":79}},"9":{"start":{"line":17,"column":16},"end":{"line":17,"column":35}},"10":{"start":{"line":18,"column":16},"end":{"line":18,"column":23}},"11":{"start":{"line":21,"column":12},"end":{"line":21,"column":73}},"12":{"start":{"line":24,"column":8},"end":{"line":24,"column":65}},"13":{"start":{"line":8,"column":13},"end":{"line":8,"column":32}}},"fnMap":{"0":{"name":"(anonymous_1)","decl":{"start":{"line":8,"column":32},"end":{"line":8,"column":33}},"loc":{"start":{"line":8,"column":97},"end":{"line":26,"column":1}}},"1":{"name":"(anonymous_2)","decl":{"start":{"line":13,"column":64},"end":{"line":13,"column":65}},"loc":{"start":{"line":13,"column":81},"end":{"line":19,"column":13}}}},"branchMap":{"0":{"loc":{"start":{"line":10,"column":4},"end":{"line":25,"column":null}},"type":"if","locations":[{"start":{"line":10,"column":4},"end":{"line":25,"column":null}},{"start":{"line":23,"column":11},"end":{"line":25,"column":null}}]},"1":{"loc":{"start":{"line":12,"column":8},"end":{"line":22,"column":null}},"type":"if","locations":[{"start":{"line":12,"column":8},"end":{"line":22,"column":null}},{"start":{"line":20,"column":15},"end":{"line":22,"column":null}}]},"2":{"loc":{"start":{"line":14,"column":16},"end":{"line":16,"column":null}},"type":"if","locations":[{"start":{"line":14,"column":16},"end":{"line":16,"column":null}}]}},"s":{"0":1,"1":1,"2":0,"3":0,"4":0,"5":0,"6":0,"7":0,"8":0,"9":0,"10":0,"11":0,"12":0,"13":1},"f":{"0":0,"1":0},"b":{"0":[0,0],"1":[0,0],"2":[0]}}
,"C:\\Users\\Bidetti\\Documents\\Workspace\\smarthire-back\\src\\models\\avaliacaoModel.ts": {"path":"C:\\Users\\Bidetti\\Documents\\Workspace\\smarthire-back\\src\\models\\avaliacaoModel.ts","statementMap":{"0":{"start":{"line":1,"column":0},"end":{"line":1,"column":54}},"1":{"start":{"line":12,"column":31},"end":{"line":18,"column":2}},"2":{"start":{"line":20,"column":23},"end":{"line":20,"column":78}},"3":{"start":{"line":22,"column":0},"end":{"line":22,"column":30}}},"fnMap":{},"branchMap":{},"s":{"0":1,"1":1,"2":1,"3":1},"f":{},"b":{}}
,"C:\\Users\\Bidetti\\Documents\\Workspace\\smarthire-back\\src\\models\\prestadorModel.ts": {"path":"C:\\Users\\Bidetti\\Documents\\Workspace\\smarthire-back\\src\\models\\prestadorModel.ts","statementMap":{"0":{"start":{"line":1,"column":0},"end":{"line":1,"column":61}},"1":{"start":{"line":14,"column":32},"end":{"line":23,"column":2}},"2":{"start":{"line":25,"column":23},"end":{"line":25,"column":78}},"3":{"start":{"line":27,"column":0},"end":{"line":27,"column":30}}},"fnMap":{},"branchMap":{},"s":{"0":1,"1":1,"2":1,"3":1},"f":{},"b":{}}
,"C:\\Users\\Bidetti\\Documents\\Workspace\\smarthire-back\\src\\models\\propostaModel.ts": {"path":"C:\\Users\\Bidetti\\Documents\\Workspace\\smarthire-back\\src\\models\\propostaModel.ts","statementMap":{"0":{"start":{"line":1,"column":0},"end":{"line":1,"column":54}},"1":{"start":{"line":10,"column":30},"end":{"line":15,"column":2}},"2":{"start":{"line":17,"column":22},"end":{"line":17,"column":74}},"3":{"start":{"line":19,"column":0},"end":{"line":19,"column":29}}},"fnMap":{},"branchMap":{},"s":{"0":1,"1":1,"2":1,"3":1},"f":{},"b":{}}
,"C:\\Users\\Bidetti\\Documents\\Workspace\\smarthire-back\\src\\models\\recoverModel.ts": {"path":"C:\\Users\\Bidetti\\Documents\\Workspace\\smarthire-back\\src\\models\\recoverModel.ts","statementMap":{"0":{"start":{"line":1,"column":0},"end":{"line":1,"column":52}},"1":{"start":{"line":9,"column":13},"end":{"line":13,"column":3}},"2":{"start":{"line":15,"column":25},"end":{"line":15,"column":86}},"3":{"start":{"line":17,"column":0},"end":{"line":17,"column":32}}},"fnMap":{},"branchMap":{},"s":{"0":1,"1":1,"2":1,"3":1},"f":{},"b":{}}
,"C:\\Users\\Bidetti\\Documents\\Workspace\\smarthire-back\\src\\models\\registroModel.ts": {"path":"C:\\Users\\Bidetti\\Documents\\Workspace\\smarthire-back\\src\\models\\registroModel.ts","statementMap":{"0":{"start":{"line":1,"column":0},"end":{"line":1,"column":52}},"1":{"start":{"line":8,"column":13},"end":{"line":11,"column":3}},"2":{"start":{"line":20,"column":13},"end":{"line":25,"column":3}},"3":{"start":{"line":27,"column":22},"end":{"line":27,"column":74}},"4":{"start":{"line":29,"column":0},"end":{"line":29,"column":29}}},"fnMap":{},"branchMap":{},"s":{"0":1,"1":1,"2":1,"3":1,"4":1},"f":{},"b":{}}
,"C:\\Users\\Bidetti\\Documents\\Workspace\\smarthire-back\\src\\models\\servicoModel.ts": {"path":"C:\\Users\\Bidetti\\Documents\\Workspace\\smarthire-back\\src\\models\\servicoModel.ts","statementMap":{"0":{"start":{"line":1,"column":0},"end":{"line":1,"column":54}},"1":{"start":{"line":19,"column":27},"end":{"line":22,"column":2}},"2":{"start":{"line":24,"column":30},"end":{"line":33,"column":2}},"3":{"start":{"line":35,"column":21},"end":{"line":35,"column":70}},"4":{"start":{"line":37,"column":0},"end":{"line":37,"column":28}}},"fnMap":{},"branchMap":{},"s":{"0":1,"1":1,"2":1,"3":1,"4":1},"f":{},"b":{}}
,"C:\\Users\\Bidetti\\Documents\\Workspace\\smarthire-back\\src\\models\\userModel.ts": {"path":"C:\\Users\\Bidetti\\Documents\\Workspace\\smarthire-back\\src\\models\\userModel.ts","statementMap":{"0":{"start":{"line":1,"column":0},"end":{"line":1,"column":54}},"1":{"start":{"line":18,"column":27},"end":{"line":31,"column":2}},"2":{"start":{"line":33,"column":18},"end":{"line":33,"column":58}},"3":{"start":{"line":35,"column":0},"end":{"line":35,"column":25}}},"fnMap":{},"branchMap":{},"s":{"0":1,"1":1,"2":1,"3":1},"f":{},"b":{}}
,"C:\\Users\\Bidetti\\Documents\\Workspace\\smarthire-back\\src\\routes\\routes.ts": {"path":"C:\\Users\\Bidetti\\Documents\\Workspace\\smarthire-back\\src\\routes\\routes.ts","statementMap":{"0":{"start":{"line":1,"column":0},"end":{"line":1,"column":30}},"1":{"start":{"line":2,"column":15},"end":{"line":2,"column":31}},"2":{"start":{"line":4,"column":0},"end":{"line":4,"column":68}},"3":{"start":{"line":8,"column":0},"end":{"line":8,"column":115}},"4":{"start":{"line":10,"column":0},"end":{"line":10,"column":38}},"5":{"start":{"line":11,"column":0},"end":{"line":11,"column":42}},"6":{"start":{"line":12,"column":0},"end":{"line":12,"column":40}},"7":{"start":{"line":13,"column":0},"end":{"line":13,"column":45}},"8":{"start":{"line":14,"column":0},"end":{"line":14,"column":42}},"9":{"start":{"line":18,"column":0},"end":{"line":18,"column":159}},"10":{"start":{"line":20,"column":0},"end":{"line":20,"column":56}},"11":{"start":{"line":21,"column":0},"end":{"line":21,"column":58}},"12":{"start":{"line":22,"column":0},"end":{"line":22,"column":43}},"13":{"start":{"line":23,"column":0},"end":{"line":23,"column":61}},"14":{"start":{"line":24,"column":0},"end":{"line":24,"column":73}},"15":{"start":{"line":25,"column":0},"end":{"line":25,"column":76}},"16":{"start":{"line":29,"column":0},"end":{"line":29,"column":167}},"17":{"start":{"line":31,"column":0},"end":{"line":31,"column":51}},"18":{"start":{"line":32,"column":0},"end":{"line":32,"column":73}},"19":{"start":{"line":33,"column":0},"end":{"line":33,"column":44}},"20":{"start":{"line":34,"column":0},"end":{"line":34,"column":61}},"21":{"start":{"line":35,"column":0},"end":{"line":35,"column":68}},"22":{"start":{"line":36,"column":0},"end":{"line":36,"column":71}},"23":{"start":{"line":39,"column":0},"end":{"line":39,"column":152}},"24":{"start":{"line":41,"column":0},"end":{"line":41,"column":53}},"25":{"start":{"line":42,"column":0},"end":{"line":42,"column":56}},"26":{"start":{"line":43,"column":0},"end":{"line":43,"column":41}},"27":{"start":{"line":44,"column":0},"end":{"line":44,"column":59}},"28":{"start":{"line":45,"column":0},"end":{"line":45,"column":70}},"29":{"start":{"line":46,"column":0},"end":{"line":46,"column":73}},"30":{"start":{"line":50,"column":0},"end":{"line":50,"column":155}},"31":{"start":{"line":52,"column":0},"end":{"line":52,"column":53}},"32":{"start":{"line":53,"column":0},"end":{"line":53,"column":65}},"33":{"start":{"line":54,"column":0},"end":{"line":54,"column":41}},"34":{"start":{"line":55,"column":0},"end":{"line":55,"column":59}},"35":{"start":{"line":56,"column":0},"end":{"line":56,"column":70}},"36":{"start":{"line":57,"column":0},"end":{"line":57,"column":73}},"37":{"start":{"line":61,"column":0},"end":{"line":61,"column":145}},"38":{"start":{"line":63,"column":0},"end":{"line":63,"column":50}},"39":{"start":{"line":64,"column":0},"end":{"line":64,"column":54}},"40":{"start":{"line":65,"column":0},"end":{"line":65,"column":39}},"41":{"start":{"line":66,"column":0},"end":{"line":66,"column":57}},"42":{"start":{"line":67,"column":0},"end":{"line":67,"column":67}},"43":{"start":{"line":68,"column":0},"end":{"line":68,"column":70}},"44":{"start":{"line":72,"column":0},"end":{"line":72,"column":125}},"45":{"start":{"line":74,"column":0},"end":{"line":74,"column":41}},"46":{"start":{"line":75,"column":0},"end":{"line":75,"column":43}},"47":{"start":{"line":76,"column":0},"end":{"line":76,"column":33}},"48":{"start":{"line":77,"column":0},"end":{"line":77,"column":33}},"49":{"start":{"line":78,"column":0},"end":{"line":78,"column":58}},"50":{"start":{"line":79,"column":0},"end":{"line":79,"column":61}},"51":{"start":{"line":81,"column":0},"end":{"line":81,"column":22}}},"fnMap":{},"branchMap":{},"s":{"0":1,"1":1,"2":1,"3":1,"4":1,"5":1,"6":1,"7":1,"8":1,"9":1,"10":1,"11":1,"12":1,"13":1,"14":1,"15":1,"16":1,"17":1,"18":1,"19":1,"20":1,"21":1,"22":1,"23":1,"24":1,"25":1,"26":1,"27":1,"28":1,"29":1,"30":1,"31":1,"32":1,"33":1,"34":1,"35":1,"36":1,"37":1,"38":1,"39":1,"40":1,"41":1,"42":1,"43":1,"44":1,"45":1,"46":1,"47":1,"48":1,"49":1,"50":1,"51":1},"f":{},"b":{}}
}
